2024-02-06 12:32:26,606 WARN (fe|59) [FrontendOptions.initAddrUseIp():243] ip address range configured for priority_networks does not include the current IP address
2024-02-06 12:32:26,791 WARN (fe|59) [StateChangeExecutor.notifyNewFETypeTransfer():62] notify new FE type transfer: LEADER
2024-02-06 12:32:27,292 WARN (stateChangeExecutor|65) [AuthenticationProviderFactory.installPlugin():32] Plugin MYSQL_NATIVE_PASSWORD has already been installed!
2024-02-06 12:32:27,293 WARN (stateChangeExecutor|65) [AuthenticationProviderFactory.installPlugin():32] Plugin AUTHENTICATION_LDAP_SIMPLE has already been installed!
2024-02-06 12:32:27,294 WARN (stateChangeExecutor|65) [AuthenticationProviderFactory.installPlugin():32] Plugin AUTHENTICATION_KERBEROS has already been installed!
2024-02-06 12:32:27,295 WARN (stateChangeExecutor|65) [AuthenticationProviderFactory.installPlugin():32] Plugin AUTHENTICATION_LDAP_SIMPLE_FOR_EXTERNAL has already been installed!
2024-02-06 12:32:27,490 WARN (Routine load task scheduler|49) [RoutineLoadTaskScheduler.process():116] no available be slot to scheduler tasks, wait for 10 seconds to scheduler again, you can set max_routine_load_task_num_per_be bigger in fe.conf, current value is 16
2024-02-06 12:32:27,505 WARN (PipeScheduler|55) [PipeScheduler.process():67] Successfully recover all pipes
2024-02-06 12:32:40,602 WARN (analyze-task-concurrency-pool-0|104) [StatisticExecutor.collectStatistics():274] Collect statistics error 
com.starrocks.sql.analyzer.SemanticException: Getting analyzing error. Detail message: Unknown partition 'p1_10047' in table 't3'.
	at com.starrocks.sql.analyzer.QueryAnalyzer.resolveTable(QueryAnalyzer.java:997) ~[classes/:?]
	at com.starrocks.sql.analyzer.QueryAnalyzer.access$200(QueryAnalyzer.java:97) ~[classes/:?]
	at com.starrocks.sql.analyzer.QueryAnalyzer$Visitor.resolveTableRef(QueryAnalyzer.java:296) ~[classes/:?]
	at com.starrocks.sql.analyzer.QueryAnalyzer$Visitor.visitSelect(QueryAnalyzer.java:194) ~[classes/:?]
	at com.starrocks.sql.analyzer.QueryAnalyzer$Visitor.visitSelect(QueryAnalyzer.java:114) ~[classes/:?]
	at com.starrocks.sql.ast.SelectRelation.accept(SelectRelation.java:242) ~[classes/:?]
	at com.starrocks.sql.analyzer.QueryAnalyzer$Visitor.process(QueryAnalyzer.java:119) ~[classes/:?]
	at com.starrocks.sql.analyzer.QueryAnalyzer$Visitor.visitQueryRelation(QueryAnalyzer.java:134) ~[classes/:?]
	at com.starrocks.sql.analyzer.QueryAnalyzer$Visitor.visitQueryStatement(QueryAnalyzer.java:124) ~[classes/:?]
	at com.starrocks.sql.analyzer.QueryAnalyzer$Visitor.visitQueryStatement(QueryAnalyzer.java:114) ~[classes/:?]
	at com.starrocks.sql.ast.QueryStatement.accept(QueryStatement.java:56) ~[classes/:?]
	at com.starrocks.sql.analyzer.QueryAnalyzer$Visitor.process(QueryAnalyzer.java:119) ~[classes/:?]
	at com.starrocks.sql.analyzer.QueryAnalyzer.analyze(QueryAnalyzer.java:107) ~[classes/:?]
	at com.starrocks.sql.analyzer.AnalyzerVisitor.visitQueryStatement(AnalyzerVisitor.java:358) ~[classes/:?]
	at com.starrocks.sql.analyzer.AnalyzerVisitor.visitQueryStatement(AnalyzerVisitor.java:141) ~[classes/:?]
	at com.starrocks.sql.ast.QueryStatement.accept(QueryStatement.java:56) ~[classes/:?]
	at com.starrocks.sql.ast.AstVisitor.visit(AstVisitor.java:66) ~[classes/:?]
	at com.starrocks.sql.analyzer.AnalyzerVisitor.analyze(AnalyzerVisitor.java:143) ~[classes/:?]
	at com.starrocks.sql.analyzer.Analyzer.analyze(Analyzer.java:34) ~[classes/:?]
	at com.starrocks.sql.StatementPlanner.plan(StatementPlanner.java:109) ~[classes/:?]
	at com.starrocks.statistic.StatisticExecutor.executeDQL(StatisticExecutor.java:334) ~[classes/:?]
	at com.starrocks.statistic.StatisticExecutor.executeStatisticDQL(StatisticExecutor.java:324) ~[classes/:?]
	at com.starrocks.statistic.FullStatisticsCollectJob.collectStatisticSync(FullStatisticsCollectJob.java:121) ~[classes/:?]
	at com.starrocks.statistic.FullStatisticsCollectJob.collect(FullStatisticsCollectJob.java:101) ~[classes/:?]
	at com.starrocks.statistic.StatisticExecutor.collectStatistics(StatisticExecutor.java:272) ~[classes/:?]
	at com.starrocks.statistic.StatisticUtils.lambda$triggerCollectionOnFirstLoad$0(StatisticUtils.java:178) ~[classes/:?]
	at java.util.concurrent.Executors$RunnableAdapter.call(Executors.java:515) ~[?:?]
	at java.util.concurrent.FutureTask.run(FutureTask.java:264) ~[?:?]
	at java.util.concurrent.ThreadPoolExecutor.runWorker(ThreadPoolExecutor.java:1128) ~[?:?]
	at java.util.concurrent.ThreadPoolExecutor$Worker.run(ThreadPoolExecutor.java:628) ~[?:?]
	at java.lang.Thread.run(Thread.java:829) ~[?:?]
2024-02-06 12:32:40,719 WARN (main|1) [InsertOverwriteJobRunner.handle():145] insert overwrite job:100 failed. createPartitionElapse:0 ms, insertElapse:0 ms
2024-02-06 12:32:40,721 WARN (main|1) [InsertOverwriteJobRunner.gc():368] partition 2001 is null
2024-02-06 12:32:40,722 WARN (main|1) [InsertOverwriteJobRunner.handle():145] insert overwrite job:100 failed. createPartitionElapse:0 ms, insertElapse:0 ms
2024-02-06 12:32:40,786 WARN (analyze-task-concurrency-pool-1|105) [StatisticExecutor.collectStatistics():274] Collect statistics error 
com.starrocks.sql.analyzer.SemanticException: Getting analyzing error. Detail message: Unknown partition 't1_10055' in table 't1'.
	at com.starrocks.sql.analyzer.QueryAnalyzer.resolveTable(QueryAnalyzer.java:997) ~[classes/:?]
	at com.starrocks.sql.analyzer.QueryAnalyzer.access$200(QueryAnalyzer.java:97) ~[classes/:?]
	at com.starrocks.sql.analyzer.QueryAnalyzer$Visitor.resolveTableRef(QueryAnalyzer.java:296) ~[classes/:?]
	at com.starrocks.sql.analyzer.QueryAnalyzer$Visitor.visitSelect(QueryAnalyzer.java:194) ~[classes/:?]
	at com.starrocks.sql.analyzer.QueryAnalyzer$Visitor.visitSelect(QueryAnalyzer.java:114) ~[classes/:?]
	at com.starrocks.sql.ast.SelectRelation.accept(SelectRelation.java:242) ~[classes/:?]
	at com.starrocks.sql.analyzer.QueryAnalyzer$Visitor.process(QueryAnalyzer.java:119) ~[classes/:?]
	at com.starrocks.sql.analyzer.QueryAnalyzer$Visitor.visitQueryRelation(QueryAnalyzer.java:134) ~[classes/:?]
	at com.starrocks.sql.analyzer.QueryAnalyzer$Visitor.visitQueryStatement(QueryAnalyzer.java:124) ~[classes/:?]
	at com.starrocks.sql.analyzer.QueryAnalyzer$Visitor.visitQueryStatement(QueryAnalyzer.java:114) ~[classes/:?]
	at com.starrocks.sql.ast.QueryStatement.accept(QueryStatement.java:56) ~[classes/:?]
	at com.starrocks.sql.analyzer.QueryAnalyzer$Visitor.process(QueryAnalyzer.java:119) ~[classes/:?]
	at com.starrocks.sql.analyzer.QueryAnalyzer.analyze(QueryAnalyzer.java:107) ~[classes/:?]
	at com.starrocks.sql.analyzer.AnalyzerVisitor.visitQueryStatement(AnalyzerVisitor.java:358) ~[classes/:?]
	at com.starrocks.sql.analyzer.AnalyzerVisitor.visitQueryStatement(AnalyzerVisitor.java:141) ~[classes/:?]
	at com.starrocks.sql.ast.QueryStatement.accept(QueryStatement.java:56) ~[classes/:?]
	at com.starrocks.sql.ast.AstVisitor.visit(AstVisitor.java:66) ~[classes/:?]
	at com.starrocks.sql.analyzer.AnalyzerVisitor.analyze(AnalyzerVisitor.java:143) ~[classes/:?]
	at com.starrocks.sql.analyzer.Analyzer.analyze(Analyzer.java:34) ~[classes/:?]
	at com.starrocks.sql.StatementPlanner.plan(StatementPlanner.java:109) ~[classes/:?]
	at com.starrocks.statistic.StatisticExecutor.executeDQL(StatisticExecutor.java:334) ~[classes/:?]
	at com.starrocks.statistic.StatisticExecutor.executeStatisticDQL(StatisticExecutor.java:324) ~[classes/:?]
	at com.starrocks.statistic.FullStatisticsCollectJob.collectStatisticSync(FullStatisticsCollectJob.java:121) ~[classes/:?]
	at com.starrocks.statistic.FullStatisticsCollectJob.collect(FullStatisticsCollectJob.java:101) ~[classes/:?]
	at com.starrocks.statistic.StatisticExecutor.collectStatistics(StatisticExecutor.java:272) ~[classes/:?]
	at com.starrocks.statistic.StatisticUtils.lambda$triggerCollectionOnFirstLoad$0(StatisticUtils.java:178) ~[classes/:?]
	at java.util.concurrent.Executors$RunnableAdapter.call(Executors.java:515) ~[?:?]
	at java.util.concurrent.FutureTask.run(FutureTask.java:264) ~[?:?]
	at java.util.concurrent.ThreadPoolExecutor.runWorker(ThreadPoolExecutor.java:1128) ~[?:?]
	at java.util.concurrent.ThreadPoolExecutor$Worker.run(ThreadPoolExecutor.java:628) ~[?:?]
	at java.lang.Thread.run(Thread.java:829) ~[?:?]
