2025-05-17 00:21:15.384+08:00 INFO (fe|75) [FrontendOptions.init():86] use configured address. /127.0.0.1
2025-05-17 00:21:15.486+08:00 INFO (fe|75) [NodeMgr.getHelperNodes():647] get helper nodes: [127.0.0.1:9010]
2025-05-17 00:21:15.507+08:00 INFO (fe|75) [NodeMgr.getClusterIdAndRoleOnStartup():314] very first time to start this node. role: FOLLOWER, node name: 127.0.0.1_9010_1747412475499
2025-05-17 00:21:15.512+08:00 INFO (fe|75) [NodeMgr.getClusterIdAndRoleOnStartup():499] Current run_mode is shared_nothing
2025-05-17 00:21:15.512+08:00 INFO (fe|75) [NodeMgr.getClusterIdAndRoleOnStartup():504] Got role: FOLLOWER, node name: 127.0.0.1_9010_1747412475499 and run_mode: shared_nothing
2025-05-17 00:21:15.538+08:00 INFO (fe|75) [GlobalStateMgr.loadImage():1525] image does not exist: /root/starrocks/fe/fe-core/pseudo_cluster_42901/starrocks-meta/image/v2/image.0
2025-05-17 00:21:15.541+08:00 WARN (fe|75) [StateChangeExecutor.notifyNewFETypeTransfer():62] notify new FE type transfer: LEADER
2025-05-17 00:21:15.546+08:00 INFO (stateChangeExecutor|82) [StateChangeExecutor.runOneCycle():85] begin to transfer FE type from INIT to LEADER
2025-05-17 00:21:15.547+08:00 INFO (stateChangeExecutor|82) [GlobalStateMgr.replayJournal():1927] skip replay journal because 0 <= 0
2025-05-17 00:21:15.666+08:00 INFO (stateChangeExecutor|82) [CoordinatorBackendAssignerImpl.start():107] Start coordinator be assigner
2025-05-17 00:21:15.666+08:00 INFO (coordinator-be-assigner-0|95) [CoordinatorBackendAssignerImpl.runSchedule():123] Disable periodical schedule because there is no load
2025-05-17 00:21:15.666+08:00 INFO (stateChangeExecutor|82) [BatchWriteMgr.start():80] Start batch write manager
2025-05-17 00:21:15.683+08:00 INFO (stateChangeExecutor|82) [GlobalStateMgr.startAllNodeTypeDaemonThreads():1449] global state mgr checkpoint worker thread started. thread id is 99
2025-05-17 00:21:15.701+08:00 INFO (stateChangeExecutor|82) [GlobalStateMgr.transferToLeader():1302] leader finished to replay journal, can write now.
2025-05-17 00:21:15.714+08:00 INFO (stateChangeExecutor|82) [StateChangeExecutor.runOneCycle():179] finished to transfer FE type from INIT to LEADER
2025-05-17 00:21:15.724+08:00 INFO (global_state_checkpoint_controller|84) [CheckpointController.getCheckpointJournalIds():153] checkpoint imageJournalId 0, logJournalId 0
2025-05-17 00:21:15.740+08:00 WARN (TableKeeper|81) [TableKeeper.run():63] database not exists: _statistics_
2025-05-17 00:21:15.741+08:00 WARN (TableKeeper|81) [TableKeeper.run():63] database not exists: _statistics_
2025-05-17 00:21:15.747+08:00 INFO (tablet checker|50) [TabletChecker.doCheck():384] finished to check tablets. isUrgent: true, unhealthy/total/added/in_sched/not_ready: 0/0/0/0/0, cost: 0 ms, in lock time: 0 ms, wait time: 0ms
2025-05-17 00:21:15.747+08:00 INFO (tablet checker|50) [TabletChecker.doCheck():384] finished to check tablets. isUrgent: false, unhealthy/total/added/in_sched/not_ready: 0/0/0/0/0, cost: 0 ms, in lock time: 0 ms, wait time: 0ms
2025-05-17 00:21:15.753+08:00 INFO (tablet checker|50) [TabletChecker.runAfterCatalogReady():221] TStat :
TStat num of tablet check round: 1 (+1)
TStat cost of tablet check(ms): 0 (+0)
TStat num of tablet checked in tablet checker: 0 (+0)
TStat num of unhealthy tablet checked in tablet checker: 0 (+0)
TStat num of tablet being added to tablet scheduler: 0 (+0)
TStat num of tablet schedule round: 0 (+0)
TStat cost of tablet schedule(ms): 2 (+2)
TStat num of tablet being scheduled: 0 (+0)
TStat num of tablet being scheduled succeeded: 0 (+0)
TStat num of tablet being scheduled failed: 0 (+0)
TStat num of tablet being scheduled discard: 0 (+0)
TStat num of tablet priority upgraded: 0 (+0)
TStat num of clone task: 0 (+0)
TStat num of clone task succeeded: 0 (+0)
TStat num of clone task failed: 0 (+0)
TStat num of clone task timeout: 0 (+0)
TStat num of replica missing error: 0 (+0)
TStat num of replica version missing error: 0 (+0)
TStat num of replica unavailable error: 0 (+0)
TStat num of replica location mismatch error: 0 (+0)
TStat num of replica redundant error: 0 (+0)
TStat num of replica missing in cluster error: 0 (+0)
TStat num of balance scheduled: 0 (+0)
TStat num of colocate replica mismatch: 0 (+0)
TStat num of colocate replica redundant: 0 (+0)
TStat num of colocate balancer running round: 0 (+0)

2025-05-17 00:21:15.755+08:00 INFO (colocate group clone checker|93) [ColocateTableBalancer.matchGroups():939] finished to match colocate group. cost: 1 ms, in lock time: 0 ms
2025-05-17 00:21:15.761+08:00 INFO (consistency checker|35) [ConsistencyChecker.checkTabletMetaConsistency():290] TabletMetaChecker has cleaned 0 invalid tablet(s), scanned 0 tablet(s) on 0 backend(s) in 0ms, total tablets in recycle bin: 0, total ignored tablets: 0, up to 20 of ignored tablets: [], backend tablet count info(format: backend_id=curr_tablet_count:recycle_tablet_count): {}
2025-05-17 00:21:15.762+08:00 WARN (Routine load task scheduler|58) [RoutineLoadTaskScheduler.process():117] no available be slot to scheduler tasks, wait for 10 seconds to scheduler again, you can set max_routine_load_task_num_per_be bigger in fe.conf, current value is 16
2025-05-17 00:21:15.763+08:00 INFO (consistency checker|35) [ConsistencyChecker.chooseTablets():562] choose tablets from db[information_schema-1](with read lock held) took 0ms
2025-05-17 00:21:15.763+08:00 INFO (consistency checker|35) [ConsistencyChecker.chooseTablets():562] choose tablets from db[sys-100](with read lock held) took 0ms
2025-05-17 00:21:15.768+08:00 INFO (DynamicPartitionScheduler|60) [DynamicPartitionScheduler.findSchedulableTables():714] finished to find all schedulable tables, cost: 0ms, dynamic partition tables: {}, ttl partition tables: {}, scheduler enabled: true, scheduler interval: 600s
2025-05-17 00:21:15.775+08:00 INFO (TaskCleaner|80) [TaskManager.dropTasks():392] drop tasks:[]
2025-05-17 00:21:15.781+08:00 WARN (PipeScheduler|65) [PipeScheduler.process():67] Successfully recover all pipes
2025-05-17 00:21:15.786+08:00 INFO (tablet stat mgr|44) [TabletStatMgr.updateLocalTabletStat():195] finished to get local tablet stat of all backends. cost: 0 ms
2025-05-17 00:21:15.787+08:00 INFO (tablet stat mgr|44) [TabletStatMgr.runAfterCatalogReady():169] finished to update index row num of all databases. cost: 0 ms
2025-05-17 00:21:15.787+08:00 INFO (LoadLabelCleaner|78) [TaskManager.dropTasks():392] drop tasks:[]
2025-05-17 00:21:15.796+08:00 WARN (Thread-45|71) [TemporaryTableCleaner.runAfterCatalogReady():88] listSessions return error from 127.0.0.1:9020, skip clean temporary tables
org.apache.thrift.TException: java.net.ConnectException: Connection refused (Connection refused)
	at com.starrocks.rpc.ThriftRPCRequestExecutor.call(ThriftRPCRequestExecutor.java:60) ~[classes/:?]
	at com.starrocks.rpc.ThriftRPCRequestExecutor.call(ThriftRPCRequestExecutor.java:33) ~[classes/:?]
	at com.starrocks.server.TemporaryTableCleaner.runAfterCatalogReady(TemporaryTableCleaner.java:70) ~[classes/:?]
	at com.starrocks.common.util.FrontendDaemon.runOneCycle(FrontendDaemon.java:72) ~[classes/:?]
	at com.starrocks.common.util.Daemon.run(Daemon.java:98) ~[classes/:?]
2025-05-17 00:21:15.812+08:00 WARN (ProcProfileCollector|70) [ProcProfileCollector.lambda$collectProfile$3():123] collect profile failed, reason: Cannot run program "/root/starrocks/bin/async-profiler/bin/asprof": error=2, No such file or directory
2025-05-17 00:21:15.819+08:00 INFO (MemoryUsageTracker|69) [MemoryUsageTracker.initMemoryTracker():93] Memory usage tracker init success
2025-05-17 00:21:15.831+08:00 INFO (MemoryUsageTracker|69) [MemoryUsageTracker.trackMemory():161] (8ms) Module Agent - AgentTaskTracker estimated 0B of memory. Contains AgentTask with 0 object(s). 
2025-05-17 00:21:15.833+08:00 INFO (MemoryUsageTracker|69) [MemoryUsageTracker.trackMemory():161] (0ms) Module Backup - BackupHandler estimated 0B of memory. Contains BackupOrRestoreJob with 0 object(s). 
2025-05-17 00:21:15.833+08:00 INFO (MemoryUsageTracker|69) [MemoryUsageTracker.trackMemory():161] (0ms) Module Compaction - CompactionMgr estimated 0B of memory. Contains PartitionStats with 0 object(s). 
2025-05-17 00:21:15.834+08:00 INFO (MemoryUsageTracker|69) [MemoryUsageTracker.trackMemory():161] (0ms) Module Coordinator - QeProcessorImpl estimated 0B of memory. Contains QueryCoordinator with 0 object(s). 
2025-05-17 00:21:15.838+08:00 INFO (MemoryUsageTracker|69) [MemoryUsageTracker.trackMemory():161] (2ms) Module Delete - DeleteMgr estimated 0B of memory. Contains DeleteInfo with 0 object(s). DeleteJob with 0 object(s). 
2025-05-17 00:21:15.844+08:00 INFO (MemoryUsageTracker|69) [MemoryUsageTracker.trackMemory():161] (6ms) Module Dict - CacheDictManager estimated 0B of memory. Contains ColumnDict with 0 object(s). 
2025-05-17 00:21:15.845+08:00 INFO (MemoryUsageTracker|69) [MemoryUsageTracker.trackMemory():161] (0ms) Module Export - ExportMgr estimated 0B of memory. Contains ExportJob with 0 object(s). 
2025-05-17 00:21:15.845+08:00 INFO (MemoryUsageTracker|69) [MemoryUsageTracker.trackMemory():161] (0ms) Module Load - InsertOverwriteJobMgr estimated 0B of memory. Contains insertOverwriteJobs with 0 object(s). 
2025-05-17 00:21:15.847+08:00 INFO (MemoryUsageTracker|69) [MemoryUsageTracker.trackMemory():161] (0ms) Module Load - LoadMgr estimated 0B of memory. Contains LoadJob with 0 object(s). 
2025-05-17 00:21:15.847+08:00 INFO (MemoryUsageTracker|69) [MemoryUsageTracker.trackMemory():161] (0ms) Module Load - RoutineLoadMgr estimated 0B of memory. Contains RoutineLoad with 0 object(s). 
2025-05-17 00:21:15.848+08:00 INFO (MemoryUsageTracker|69) [MemoryUsageTracker.trackMemory():161] (0ms) Module Load - StreamLoadMgr estimated 0B of memory. Contains StreamLoad with 0 object(s). 
2025-05-17 00:21:15.852+08:00 INFO (MemoryUsageTracker|69) [MemoryUsageTracker.trackMemory():161] (3ms) Module LocalMetastore - LocalMetastore estimated 0B of memory. Contains Partition with 0 object(s). 
2025-05-17 00:21:15.852+08:00 INFO (MemoryUsageTracker|69) [MemoryUsageTracker.trackMemory():161] (0ms) Module Profile - ProfileManager estimated 0B of memory. Contains QueryProfile with 0 object(s). LoadProfile with 0 object(s). 
2025-05-17 00:21:15.970+08:00 INFO (main|1) [PseudoCluster.build():440] start create and start backends
2025-05-17 00:21:15.987+08:00 INFO (main|1) [PseudoCluster.build():454] add PseudoBackend 10001 127.0.0.10
2025-05-17 00:21:16.008+08:00 INFO (main|1) [PseudoCluster.build():454] add PseudoBackend 10002 127.0.0.11
2025-05-17 00:21:16.019+08:00 INFO (main|1) [PseudoCluster.build():454] add PseudoBackend 10003 127.0.0.12
2025-05-17 00:21:16.759+08:00 INFO (tablet scheduler|49) [TabletScheduler.updateWorkingSlots():266] add new backend 10001 with slots num: 1
2025-05-17 00:21:16.759+08:00 INFO (tablet scheduler|49) [TabletScheduler.updateWorkingSlots():266] add new backend 10002 with slots num: 1
2025-05-17 00:21:16.760+08:00 INFO (tablet scheduler|49) [TabletScheduler.updateWorkingSlots():266] add new backend 10003 with slots num: 1
2025-05-17 00:21:17.549+08:00 INFO (fe|75) [GlobalStateMgr.waitForReady():1214] wait globalStateMgr to be ready. FE type: LEADER. is ready: true
2025-05-17 00:21:17.549+08:00 INFO (fe|75) [GlobalStateMgr.waitForReady():1208] globalStateMgr is ready. FE type: LEADER
2025-05-17 00:21:17.589+08:00 INFO (fe|75) [Xnio.<clinit>():95] XNIO version 3.8.16.Final
2025-05-17 00:21:17.617+08:00 INFO (fe|75) [NioXnio.<clinit>():58] XNIO NIO Implementation Version 3.8.16.Final
2025-05-17 00:21:17.705+08:00 INFO (fe|75) [NMysqlServer.start():96] Open mysql server success on 42901
2025-05-17 00:21:17.706+08:00 INFO (fe|75) [QeService.start():78] QE service start.
2025-05-17 00:21:17.994+08:00 INFO (MemoryUsageTracker|69) [MemoryUsageTracker.trackMemory():161] (2141ms) Module Query - QueryTracker estimated 0B of memory. Contains QueryDetail with 0 object(s). 
2025-05-17 00:21:17.994+08:00 INFO (MemoryUsageTracker|69) [MemoryUsageTracker.trackMemory():161] (0ms) Module Report - ReportHandler estimated 0B of memory. Contains PendingTask with 0 object(s). ReportQueue with 0 object(s). 
2025-05-17 00:21:17.995+08:00 INFO (MemoryUsageTracker|69) [MemoryUsageTracker.trackMemory():161] (0ms) Module TabletInvertedIndex - TabletInvertedIndex estimated 0B of memory. Contains TabletMeta with 0 object(s). TabletCount with 0 object(s). ReplicateCount with 0 object(s). 
2025-05-17 00:21:17.995+08:00 INFO (MemoryUsageTracker|69) [MemoryUsageTracker.trackMemory():161] (0ms) Module Task - TaskManager estimated 0B of memory. Contains Task with 0 object(s). 
2025-05-17 00:21:17.996+08:00 INFO (MemoryUsageTracker|69) [MemoryUsageTracker.trackMemory():161] (0ms) Module Task - TaskRunManager estimated 0B of memory. Contains PendingTaskRun with 0 object(s). RunningTaskRun with 0 object(s). HistoryTaskRun with 0 object(s). 
2025-05-17 00:21:17.996+08:00 INFO (MemoryUsageTracker|69) [MemoryUsageTracker.trackMemory():161] (0ms) Module Transaction - GlobalTransactionMgr estimated 0B of memory. Contains Txn with 0 object(s). TxnCallbackCount with 0 object(s). 
2025-05-17 00:21:18.003+08:00 INFO (MemoryUsageTracker|69) [MemoryUsageTracker.trackMemory():108] total tracked memory: 0B, jvm: Process used: 986MB, heap used: 527.1MB, non heap used: 75.6MB, direct buffer used: 8KB
2025-05-17 00:21:18.210+08:00 INFO (starrocks-mysql-nio I/O-1|115) [AcceptListener.handleEvent():83] Connection established. remote=/127.0.0.1:36342, connectionId=0
2025-05-17 00:21:18.212+08:00 INFO (starrocks-mysql-nio-pool-0|120) [AcceptListener.lambda$handleEvent$1():91] Connection scheduled to worker thread 120. remote=/127.0.0.1:36342, connectionId=0
2025-05-17 00:21:18.629+08:00 INFO (starrocks-mysql-nio-pool-0|120) [ConnectScheduler.unregisterConnection():204] Connection closed. remote=127.0.0.1:36342, connectionId=0, qualifiedUser=root, user.currConn=0
2025-05-17 00:21:18.636+08:00 INFO (starrocks-mysql-nio I/O-1|115) [AcceptListener.handleEvent():83] Connection established. remote=/127.0.0.1:36348, connectionId=1
2025-05-17 00:21:18.637+08:00 INFO (starrocks-mysql-nio-pool-0|120) [AcceptListener.lambda$handleEvent$1():91] Connection scheduled to worker thread 120. remote=/127.0.0.1:36348, connectionId=1
2025-05-17 00:21:18.708+08:00 INFO (starrocks-mysql-nio-pool-0|120) [LocalMetastore.createDb():390] createDb dbName = test, id = 10001
2025-05-17 00:21:18.803+08:00 INFO (starrocks-mysql-nio-pool-1|121) [Database.checkDataSizeQuota():253] database[test] data quota: left bytes: 8388608.000 TB / total: 8388608.000 TB
2025-05-17 00:21:18.804+08:00 INFO (starrocks-mysql-nio-pool-1|121) [Database.checkReplicaQuota():280] database[test] replica quota: left number: 9223372036854775807 / total: 9223372036854775807
2025-05-17 00:21:18.853+08:00 INFO (starrocks-mysql-nio-pool-1|121) [LocalMetastore.buildPartitions():1792] start to build 1 partitions sequentially for table test.test with 9 replicas
2025-05-17 00:21:18.857+08:00 INFO (starrocks-mysql-nio-pool-1|121) [TabletTaskExecutor.buildCreateReplicaTasks():216] build create replica tasks for index index id: 10004; index state: NORMAL; shardGroupId: -1; row count: 0; tablets size: 3; visibleTxnId: 0; tablets: [tablet: id=10006, tablet: id=10010, tablet: id=10014, ];  db 10001 table 10003 partition partitionId: 10005; partitionName: test_10005; parentPartitionId: 10002; shardGroupId: -1; isImmutable: false; baseIndex: index id: 10004; index state: NORMAL; shardGroupId: -1; row count: 0; tablets size: 3; visibleTxnId: 0; tablets: [tablet: id=10006, tablet: id=10010, tablet: id=10014, ]; ; rollupCount: 0; visibleVersion: 1; visibleVersionTime: 1747412478846; committedVersion: 1; dataVersion: 1; committedDataVersion: 1; versionEpoch: 355625974043246592; versionTxnType: TXN_NORMAL; storageDataSize: 0; storageRowCount: 0; storageReplicaCount: 9; 
2025-05-17 00:21:18.885+08:00 INFO (starrocks-mysql-nio-pool-1|121) [TabletTaskExecutor.buildPartitionsSequentially():104] build partitions sequentially, send task one by one, all tasks timeout 30s
2025-05-17 00:21:18.949+08:00 INFO (backend-worker-10002|108) [BeTabletManager.createTablet():63] created tablet 10006 
2025-05-17 00:21:18.949+08:00 INFO (backend-worker-10001|105) [BeTabletManager.createTablet():63] created tablet 10006 
2025-05-17 00:21:18.949+08:00 INFO (backend-worker-10003|111) [BeTabletManager.createTablet():63] created tablet 10006 
2025-05-17 00:21:18.958+08:00 INFO (backend-worker-10001|105) [BeTabletManager.createTablet():63] created tablet 10010 
2025-05-17 00:21:18.958+08:00 INFO (backend-worker-10001|105) [BeTabletManager.createTablet():63] created tablet 10014 
2025-05-17 00:21:19.063+08:00 INFO (backend-worker-10002|108) [BeTabletManager.createTablet():63] created tablet 10010 
2025-05-17 00:21:19.063+08:00 INFO (backend-worker-10002|108) [BeTabletManager.createTablet():63] created tablet 10014 
2025-05-17 00:21:19.064+08:00 INFO (backend-worker-10003|111) [BeTabletManager.createTablet():63] created tablet 10010 
2025-05-17 00:21:19.064+08:00 INFO (backend-worker-10003|111) [BeTabletManager.createTablet():63] created tablet 10014 
2025-05-17 00:21:19.065+08:00 INFO (starrocks-mysql-nio-pool-1|121) [TabletTaskExecutor.buildPartitionsSequentially():107] build partitions sequentially, all tasks finished, took 209ms
2025-05-17 00:21:19.065+08:00 INFO (starrocks-mysql-nio-pool-1|121) [LocalMetastore.onCreate():1908] Successfully create table: test-10003, in database: test-10001
2025-05-17 00:21:19.226+08:00 INFO (starrocks-mysql-nio-pool-1|121) [StdSchedulerFactory.instantiate():1220] Using default implementation for ThreadExecutor
2025-05-17 00:21:19.232+08:00 INFO (starrocks-mysql-nio-pool-1|121) [SimpleThreadPool.initialize():268] Job execution threads will use class loader of thread: starrocks-mysql-nio-pool-1
2025-05-17 00:21:19.343+08:00 INFO (starrocks-mysql-nio-pool-1|121) [SchedulerSignalerImpl.<init>():61] Initialized Scheduler Signaller of type: class org.quartz.core.SchedulerSignalerImpl
2025-05-17 00:21:19.343+08:00 INFO (starrocks-mysql-nio-pool-1|121) [QuartzScheduler.<init>():229] Quartz Scheduler v.2.3.2 created.
2025-05-17 00:21:19.345+08:00 INFO (starrocks-mysql-nio-pool-1|121) [RAMJobStore.initialize():155] RAMJobStore initialized.
2025-05-17 00:21:19.346+08:00 INFO (starrocks-mysql-nio-pool-1|121) [QuartzScheduler.initialize():294] Scheduler meta-data: Quartz Scheduler (v2.3.2) 'DefaultQuartzScheduler' with instanceId 'NON_CLUSTERED'
  Scheduler class: 'org.quartz.core.QuartzScheduler' - running locally.
  NOT STARTED.
  Currently in standby mode.
  Number of jobs executed: 0
  Using thread pool 'org.quartz.simpl.SimpleThreadPool' - with 10 threads.
  Using job-store 'org.quartz.simpl.RAMJobStore' - which does not support persistence. and is not clustered.

2025-05-17 00:21:19.347+08:00 INFO (starrocks-mysql-nio-pool-1|121) [StdSchedulerFactory.instantiate():1374] Quartz scheduler 'DefaultQuartzScheduler' initialized from default resource file in Quartz package: 'quartz.properties'
2025-05-17 00:21:19.347+08:00 INFO (starrocks-mysql-nio-pool-1|121) [StdSchedulerFactory.instantiate():1378] Quartz scheduler version: 2.3.2
2025-05-17 00:21:19.347+08:00 INFO (starrocks-mysql-nio-pool-1|121) [QuartzScheduler.start():547] Scheduler DefaultQuartzScheduler_$_NON_CLUSTERED started.
2025-05-17 00:21:19.371+08:00 INFO (starrocks-mysql-nio-pool-1|121) [CompactionControlScheduler.updateTableForbiddenTimeRanges():83] Table 10003 has been removed from compaction control
2025-05-17 00:21:19.391+08:00 WARN (Connect-Scheduler-Check-Timer-0|76) [ConnectScheduler$TimeoutChecker.run():121] Timeout checker exception, Internal error : null
java.lang.NullPointerException: null
	at com.starrocks.sql.ast.StatementBase.getTimeout(StatementBase.java:175) ~[classes/:?]
	at com.starrocks.qe.StmtExecutor.getExecTimeout(StmtExecutor.java:489) ~[classes/:?]
	at com.starrocks.qe.ConnectContext.getExecTimeout(ConnectContext.java:981) ~[classes/:?]
	at com.starrocks.qe.ConnectContext.checkTimeout(ConnectContext.java:1019) ~[classes/:?]
	at com.starrocks.qe.ConnectScheduler$TimeoutChecker.run(ConnectScheduler.java:108) ~[classes/:?]
	at java.util.concurrent.Executors$RunnableAdapter.call(Executors.java:515) ~[?:?]
	at java.util.concurrent.FutureTask.runAndReset(FutureTask.java:305) ~[?:?]
	at java.util.concurrent.ScheduledThreadPoolExecutor$ScheduledFutureTask.run(ScheduledThreadPoolExecutor.java:305) ~[?:?]
	at java.util.concurrent.ThreadPoolExecutor.runWorker(ThreadPoolExecutor.java:1128) ~[?:?]
	at java.util.concurrent.ThreadPoolExecutor$Worker.run(ThreadPoolExecutor.java:628) ~[?:?]
	at java.lang.Thread.run(Thread.java:829) ~[?:?]
2025-05-17 00:21:19.421+08:00 INFO (starrocks-mysql-nio-pool-1|121) [DatabaseTransactionMgr.beginTransaction():186] begin transaction: txn_id: 2 with label insert_cc990948-3271-11f0-81e1-02420aff0002 from coordinator FE: 127.0.0.1, listner id: -1
2025-05-17 00:21:20.023+08:00 INFO (starrocks-mysql-nio-pool-1|121) [TxnStateCallbackFactory.addCallback():40] add callback of txn state : 10018. current callback size: 1
2025-05-17 00:21:20.051+08:00 INFO (starrocks-mysql-nio-pool-1|121) [ResourceGroupMetricMgr.createQueryResourceGroupMetrics():123] Add resource_group_query_queue_total metric, resource group name is default_wg
2025-05-17 00:21:20.052+08:00 INFO (starrocks-mysql-nio-pool-1|121) [ResourceGroupMetricMgr.createQueryResourceGroupMetrics():123] Add resource_group_query_queue_pending metric, resource group name is default_wg
2025-05-17 00:21:20.058+08:00 INFO (starrocks-mysql-nio-pool-1|121) [DefaultCoordinator.prepareProfile():606] dispatch load job: cc990948-3271-11f0-81e1-02420aff0002 to [10001]
2025-05-17 00:21:20.264+08:00 INFO (PBackendService-10001|106) [PseudoBackend.execPlanFragmentWithReport():1250] exec_plan_fragment query: cc990948-3271-11f0-81e1-02420aff0002 fragment: cc990948-3271-11f0-81e1-02420aff0003 sink: 10003 test
2025-05-17 00:21:20.302+08:00 INFO (backend-worker-10001|105) [Tablet.commitNextRowset():323] txn: 2 tablet:10006 rowset commit, version:2 rowset:1 #version:2 #rowset:1
2025-05-17 00:21:20.304+08:00 INFO (backend-worker-10001|105) [Tablet.commitNextRowset():323] txn: 2 tablet:10010 rowset commit, version:2 rowset:1 #version:2 #rowset:1
2025-05-17 00:21:20.305+08:00 INFO (backend-worker-10001|105) [Tablet.commitNextRowset():323] txn: 2 tablet:10014 rowset commit, version:2 rowset:1 #version:2 #rowset:1
2025-05-17 00:21:20.305+08:00 INFO (backend-worker-10001|105) [BeTxnManager.publish():117] backend: 10001 txn: 2 publish version error:0 / total:3 
2025-05-17 00:21:20.306+08:00 INFO (backend-worker-10002|108) [Tablet.commitNextRowset():323] txn: 2 tablet:10006 rowset commit, version:2 rowset:1 #version:2 #rowset:1
2025-05-17 00:21:20.309+08:00 INFO (backend-worker-10003|111) [Tablet.commitNextRowset():323] txn: 2 tablet:10006 rowset commit, version:2 rowset:1 #version:2 #rowset:1
2025-05-17 00:21:20.311+08:00 INFO (backend-worker-10003|111) [Tablet.commitNextRowset():323] txn: 2 tablet:10010 rowset commit, version:2 rowset:1 #version:2 #rowset:1
2025-05-17 00:21:20.305+08:00 INFO (starrocks-mysql-nio-pool-1|121) [DatabaseTransactionMgr.commitPreparedTransaction():469] transaction:[TransactionState. txn_id: 2, label: insert_cc990948-3271-11f0-81e1-02420aff0002, db id: 10001, table id list: 10003, callback id: 10018, coordinator: FE: 127.0.0.1, transaction status: COMMITTED, error replicas num: 0, replica ids: , prepare time: 1747412479452, write end time: 1747412480270, allow commit time: -1, commit time: 1747412480275, finish time: -1, write cost: 823ms, reason:  attachment: com.starrocks.transaction.InsertTxnCommitAttachment@641d19dd tabletCommitInfos size: 9] successfully committed
2025-05-17 00:21:20.312+08:00 INFO (backend-worker-10003|111) [Tablet.commitNextRowset():323] txn: 2 tablet:10014 rowset commit, version:2 rowset:1 #version:2 #rowset:1
2025-05-17 00:21:20.311+08:00 INFO (backend-worker-10002|108) [Tablet.commitNextRowset():323] txn: 2 tablet:10010 rowset commit, version:2 rowset:1 #version:2 #rowset:1
2025-05-17 00:21:20.312+08:00 INFO (backend-worker-10003|111) [BeTxnManager.publish():117] backend: 10003 txn: 2 publish version error:0 / total:3 
2025-05-17 00:21:20.314+08:00 INFO (backend-worker-10002|108) [Tablet.commitNextRowset():323] txn: 2 tablet:10014 rowset commit, version:2 rowset:1 #version:2 #rowset:1
2025-05-17 00:21:20.314+08:00 INFO (backend-worker-10002|108) [BeTxnManager.publish():117] backend: 10002 txn: 2 publish version error:0 / total:3 
2025-05-17 00:21:20.328+08:00 INFO (PUBLISH_VERSION|38) [DatabaseTransactionMgr.finishTransactionNew():1918] finish transaction TransactionState. txn_id: 2, label: insert_cc990948-3271-11f0-81e1-02420aff0002, db id: 10001, table id list: 10003, callback id: 10018, coordinator: FE: 127.0.0.1, transaction status: VISIBLE, error replicas num: 0, replica ids: , prepare time: 1747412479452, write end time: 1747412480270, allow commit time: -1, commit time: 1747412480275, finish time: 1747412480317, write cost: 823ms, wait for publish cost: 12ms, publish rpc cost: 27ms, finish txn cost: 3ms, publish total cost: 42ms, total cost: 865ms, reason: , newFinish attachment: com.starrocks.transaction.InsertTxnCommitAttachment@641d19dd successfully
2025-05-17 00:21:21.003+08:00 INFO (ReportHandler|26) [ReportHandler.tabletReport():458] backend[10001] reports 3 tablet(s). report version: 4
2025-05-17 00:21:21.003+08:00 INFO (be-10001|107) [PseudoBackend.reportTablets():500] report 3 tablets
2025-05-17 00:21:21.008+08:00 INFO (be-10001|107) [PseudoBackend.reportDisks():533] report 1 disks
2025-05-17 00:21:21.009+08:00 INFO (be-10001|107) [PseudoBackend.reportTasks():562] report 2 tasks
2025-05-17 00:21:21.013+08:00 INFO (ReportHandler|26) [ReportHandler.tabletReport():745] finished to do tablet diff with backend[10001]. sync: 0. metaDel: 0. foundValid: 3. foundInvalid: 0. migration: 0. found invalid transactions 0. found republish transactions 0  cost: 3 ms
2025-05-17 00:21:21.019+08:00 INFO (be-10002|110) [PseudoBackend.reportTablets():500] report 3 tablets
2025-05-17 00:21:21.020+08:00 INFO (be-10002|110) [PseudoBackend.reportDisks():533] report 1 disks
2025-05-17 00:21:21.020+08:00 INFO (be-10002|110) [PseudoBackend.reportTasks():562] report 2 tasks
2025-05-17 00:21:21.021+08:00 INFO (ReportHandler|26) [ReportHandler.tabletReport():458] backend[10002] reports 3 tablet(s). report version: 4
2025-05-17 00:21:21.026+08:00 INFO (be-10003|113) [PseudoBackend.reportTablets():500] report 3 tablets
2025-05-17 00:21:21.026+08:00 INFO (ReportHandler|26) [ReportHandler.tabletReport():745] finished to do tablet diff with backend[10002]. sync: 0. metaDel: 0. foundValid: 3. foundInvalid: 0. migration: 0. found invalid transactions 0. found republish transactions 0  cost: 0 ms
2025-05-17 00:21:21.026+08:00 INFO (be-10003|113) [PseudoBackend.reportDisks():533] report 1 disks
2025-05-17 00:21:21.027+08:00 INFO (be-10003|113) [PseudoBackend.reportTasks():562] report 2 tasks
2025-05-17 00:21:21.028+08:00 INFO (ReportHandler|26) [ReportHandler.tabletReport():458] backend[10003] reports 3 tablet(s). report version: 4
2025-05-17 00:21:21.028+08:00 INFO (ReportHandler|26) [ReportHandler.tabletReport():745] finished to do tablet diff with backend[10003]. sync: 0. metaDel: 0. foundValid: 3. foundInvalid: 0. migration: 0. found invalid transactions 0. found republish transactions 0  cost: 0 ms
2025-05-17 00:21:21.335+08:00 INFO (PBackendService-10002|109) [PseudoBackend.execPlanFragmentWithReport():1250] exec_plan_fragment query: cd41573b-3271-11f0-81e1-02420aff0002 fragment: cd41573b-3271-11f0-81e1-02420aff0003
2025-05-17 00:21:21.354+08:00 INFO (PBackendService-10001|106) [PseudoBackend.execPlanFragmentWithReport():1250] exec_plan_fragment query: cd41573b-3271-11f0-81e1-02420aff0002 fragment: cd41573b-3271-11f0-81e1-02420aff0004 #TabletScan: 1
2025-05-17 00:21:21.355+08:00 INFO (PBackendService-10003|112) [PseudoBackend.execPlanFragmentWithReport():1250] exec_plan_fragment query: cd41573b-3271-11f0-81e1-02420aff0002 fragment: cd41573b-3271-11f0-81e1-02420aff0006 #TabletScan: 1
2025-05-17 00:21:21.359+08:00 INFO (PBackendService-10002|109) [PseudoBackend.execPlanFragmentWithReport():1250] exec_plan_fragment query: cd41573b-3271-11f0-81e1-02420aff0002 fragment: cd41573b-3271-11f0-81e1-02420aff0005 #TabletScan: 1
2025-05-17 00:21:21.463+08:00 INFO (PBackendService-10003|112) [PseudoBackend.execPlanFragmentWithReport():1250] exec_plan_fragment query: cdc8618c-3271-11f0-81e1-02420aff0002 fragment: cdc8618c-3271-11f0-81e1-02420aff0003
2025-05-17 00:21:21.491+08:00 INFO (PBackendService-10001|106) [PseudoBackend.execPlanFragmentWithReport():1250] exec_plan_fragment query: cdc8618c-3271-11f0-81e1-02420aff0002 fragment: cdc8618c-3271-11f0-81e1-02420aff0004 #TabletScan: 1
2025-05-17 00:21:21.492+08:00 INFO (PBackendService-10002|109) [PseudoBackend.execPlanFragmentWithReport():1250] exec_plan_fragment query: cdc8618c-3271-11f0-81e1-02420aff0002 fragment: cdc8618c-3271-11f0-81e1-02420aff0005 #TabletScan: 1
2025-05-17 00:21:21.495+08:00 INFO (PBackendService-10003|112) [PseudoBackend.execPlanFragmentWithReport():1250] exec_plan_fragment query: cdc8618c-3271-11f0-81e1-02420aff0002 fragment: cdc8618c-3271-11f0-81e1-02420aff0006 #TabletScan: 1
2025-05-17 00:21:21.525+08:00 INFO (PBackendService-10001|106) [PseudoBackend.execPlanFragmentWithReport():1250] exec_plan_fragment query: cddcacdd-3271-11f0-81e1-02420aff0002 fragment: cddcacdd-3271-11f0-81e1-02420aff0003
2025-05-17 00:21:21.531+08:00 INFO (PBackendService-10002|109) [PseudoBackend.execPlanFragmentWithReport():1250] exec_plan_fragment query: cddcacdd-3271-11f0-81e1-02420aff0002 fragment: cddcacdd-3271-11f0-81e1-02420aff0005 #TabletScan: 1
2025-05-17 00:21:21.532+08:00 INFO (PBackendService-10003|112) [PseudoBackend.execPlanFragmentWithReport():1250] exec_plan_fragment query: cddcacdd-3271-11f0-81e1-02420aff0002 fragment: cddcacdd-3271-11f0-81e1-02420aff0006 #TabletScan: 1
2025-05-17 00:21:21.532+08:00 INFO (PBackendService-10001|106) [PseudoBackend.execPlanFragmentWithReport():1250] exec_plan_fragment query: cddcacdd-3271-11f0-81e1-02420aff0002 fragment: cddcacdd-3271-11f0-81e1-02420aff0004 #TabletScan: 1
2025-05-17 00:21:21.536+08:00 INFO (analyze-task-concurrency-pool-0|139) [StatisticExecutor.collectStatistics():361] execute statistics job successfully, duration=1.165 s, job=FullStatisticsCollectJob{type=FULL, scheduleType=ONCE, db=com.starrocks.catalog.Database@2711, table=Table [id=10003, name=test, type=OLAP], partitionIdList=[10002], columnNames=[id, name, age], properties={}}
2025-05-17 00:21:21.559+08:00 INFO (starrocks-mysql-nio-pool-1|121) [TxnStateCallbackFactory.removeCallback():47] remove callback of txn state : 10018. current callback size: 0
2025-05-17 00:21:21.564+08:00 INFO (starrocks-mysql-nio-pool-1|121) [DatabaseTransactionMgr.beginTransaction():186] begin transaction: txn_id: 3 with label insert_cde6befe-3271-11f0-81e1-02420aff0002 from coordinator FE: 127.0.0.1, listner id: -1
2025-05-17 00:21:21.572+08:00 INFO (starrocks-mysql-nio-pool-1|121) [TxnStateCallbackFactory.addCallback():40] add callback of txn state : 10020. current callback size: 1
2025-05-17 00:21:21.574+08:00 INFO (starrocks-mysql-nio-pool-1|121) [DefaultCoordinator.prepareProfile():606] dispatch load job: cde6befe-3271-11f0-81e1-02420aff0002 to [10002]
2025-05-17 00:21:21.577+08:00 INFO (PBackendService-10002|109) [PseudoBackend.execPlanFragmentWithReport():1250] exec_plan_fragment query: cde6befe-3271-11f0-81e1-02420aff0002 fragment: cde6befe-3271-11f0-81e1-02420aff0003 sink: 10003 test
2025-05-17 00:21:21.579+08:00 INFO (starrocks-mysql-nio-pool-1|121) [DatabaseTransactionMgr.commitPreparedTransaction():469] transaction:[TransactionState. txn_id: 3, label: insert_cde6befe-3271-11f0-81e1-02420aff0002, db id: 10001, table id list: 10003, callback id: 10020, coordinator: FE: 127.0.0.1, transaction status: COMMITTED, error replicas num: 0, replica ids: , prepare time: 1747412481565, write end time: 1747412481578, allow commit time: -1, commit time: 1747412481578, finish time: -1, write cost: 13ms, reason:  attachment: com.starrocks.transaction.InsertTxnCommitAttachment@142cf992 tabletCommitInfos size: 9] successfully committed
2025-05-17 00:21:21.588+08:00 INFO (backend-worker-10001|105) [Tablet.commitNextRowset():323] txn: 3 tablet:10006 rowset commit, version:3 rowset:2 #version:3 #rowset:2
2025-05-17 00:21:21.588+08:00 INFO (backend-worker-10002|108) [Tablet.commitNextRowset():323] txn: 3 tablet:10006 rowset commit, version:3 rowset:2 #version:3 #rowset:2
2025-05-17 00:21:21.588+08:00 INFO (backend-worker-10002|108) [Tablet.commitNextRowset():323] txn: 3 tablet:10010 rowset commit, version:3 rowset:2 #version:3 #rowset:2
2025-05-17 00:21:21.588+08:00 INFO (backend-worker-10001|105) [Tablet.commitNextRowset():323] txn: 3 tablet:10010 rowset commit, version:3 rowset:2 #version:3 #rowset:2
2025-05-17 00:21:21.588+08:00 INFO (backend-worker-10002|108) [Tablet.commitNextRowset():323] txn: 3 tablet:10014 rowset commit, version:3 rowset:2 #version:3 #rowset:2
2025-05-17 00:21:21.588+08:00 INFO (backend-worker-10001|105) [Tablet.commitNextRowset():323] txn: 3 tablet:10014 rowset commit, version:3 rowset:2 #version:3 #rowset:2
2025-05-17 00:21:21.589+08:00 INFO (backend-worker-10002|108) [BeTxnManager.publish():117] backend: 10002 txn: 3 publish version error:0 / total:3 
2025-05-17 00:21:21.589+08:00 INFO (backend-worker-10001|105) [BeTxnManager.publish():117] backend: 10001 txn: 3 publish version error:0 / total:3 
2025-05-17 00:21:21.589+08:00 INFO (backend-worker-10003|111) [Tablet.commitNextRowset():323] txn: 3 tablet:10006 rowset commit, version:3 rowset:2 #version:3 #rowset:2
2025-05-17 00:21:21.589+08:00 INFO (backend-worker-10003|111) [Tablet.commitNextRowset():323] txn: 3 tablet:10010 rowset commit, version:3 rowset:2 #version:3 #rowset:2
2025-05-17 00:21:21.590+08:00 INFO (backend-worker-10003|111) [Tablet.commitNextRowset():323] txn: 3 tablet:10014 rowset commit, version:3 rowset:2 #version:3 #rowset:2
2025-05-17 00:21:21.590+08:00 INFO (backend-worker-10003|111) [BeTxnManager.publish():117] backend: 10003 txn: 3 publish version error:0 / total:3 
2025-05-17 00:21:21.599+08:00 INFO (starrocks-mysql-nio-pool-1|121) [TxnStateCallbackFactory.removeCallback():47] remove callback of txn state : 10020. current callback size: 0
2025-05-17 00:21:21.599+08:00 INFO (PUBLISH_VERSION|38) [DatabaseTransactionMgr.finishTransactionNew():1918] finish transaction TransactionState. txn_id: 3, label: insert_cde6befe-3271-11f0-81e1-02420aff0002, db id: 10001, table id list: 10003, callback id: 10020, coordinator: FE: 127.0.0.1, transaction status: VISIBLE, error replicas num: 0, replica ids: , prepare time: 1747412481565, write end time: 1747412481578, allow commit time: -1, commit time: 1747412481578, finish time: 1747412481598, write cost: 13ms, wait for publish cost: 9ms, publish rpc cost: 3ms, finish txn cost: 8ms, publish total cost: 20ms, total cost: 33ms, reason: , newFinish attachment: com.starrocks.transaction.InsertTxnCommitAttachment@142cf992 successfully
2025-05-17 00:21:21.603+08:00 INFO (starrocks-mysql-nio-pool-1|121) [DatabaseTransactionMgr.beginTransaction():186] begin transaction: txn_id: 4 with label insert_cdec8b5f-3271-11f0-81e1-02420aff0002 from coordinator FE: 127.0.0.1, listner id: -1
2025-05-17 00:21:21.609+08:00 INFO (starrocks-mysql-nio-pool-1|121) [TxnStateCallbackFactory.addCallback():40] add callback of txn state : 10021. current callback size: 1
2025-05-17 00:21:21.610+08:00 INFO (starrocks-mysql-nio-pool-1|121) [DefaultCoordinator.prepareProfile():606] dispatch load job: cdec8b5f-3271-11f0-81e1-02420aff0002 to [10003]
2025-05-17 00:21:21.613+08:00 INFO (PBackendService-10003|112) [PseudoBackend.execPlanFragmentWithReport():1250] exec_plan_fragment query: cdec8b5f-3271-11f0-81e1-02420aff0002 fragment: cdec8b5f-3271-11f0-81e1-02420aff0003 sink: 10003 test
2025-05-17 00:21:21.629+08:00 INFO (starrocks-mysql-nio-pool-1|121) [DatabaseTransactionMgr.commitPreparedTransaction():469] transaction:[TransactionState. txn_id: 4, label: insert_cdec8b5f-3271-11f0-81e1-02420aff0002, db id: 10001, table id list: 10003, callback id: 10021, coordinator: FE: 127.0.0.1, transaction status: COMMITTED, error replicas num: 0, replica ids: , prepare time: 1747412481603, write end time: 1747412481625, allow commit time: -1, commit time: 1747412481626, finish time: -1, write cost: 23ms, reason:  attachment: com.starrocks.transaction.InsertTxnCommitAttachment@351c647f tabletCommitInfos size: 9] successfully committed
2025-05-17 00:21:21.630+08:00 INFO (backend-worker-10002|108) [Tablet.commitNextRowset():323] txn: 4 tablet:10006 rowset commit, version:4 rowset:3 #version:4 #rowset:3
2025-05-17 00:21:21.630+08:00 INFO (backend-worker-10002|108) [Tablet.commitNextRowset():323] txn: 4 tablet:10010 rowset commit, version:4 rowset:3 #version:4 #rowset:3
2025-05-17 00:21:21.630+08:00 INFO (backend-worker-10003|111) [Tablet.commitNextRowset():323] txn: 4 tablet:10006 rowset commit, version:4 rowset:3 #version:4 #rowset:3
2025-05-17 00:21:21.630+08:00 INFO (backend-worker-10001|105) [Tablet.commitNextRowset():323] txn: 4 tablet:10006 rowset commit, version:4 rowset:3 #version:4 #rowset:3
2025-05-17 00:21:21.631+08:00 INFO (backend-worker-10002|108) [Tablet.commitNextRowset():323] txn: 4 tablet:10014 rowset commit, version:4 rowset:3 #version:4 #rowset:3
2025-05-17 00:21:21.631+08:00 INFO (backend-worker-10003|111) [Tablet.commitNextRowset():323] txn: 4 tablet:10010 rowset commit, version:4 rowset:3 #version:4 #rowset:3
2025-05-17 00:21:21.631+08:00 INFO (backend-worker-10001|105) [Tablet.commitNextRowset():323] txn: 4 tablet:10010 rowset commit, version:4 rowset:3 #version:4 #rowset:3
2025-05-17 00:21:21.631+08:00 INFO (backend-worker-10003|111) [Tablet.commitNextRowset():323] txn: 4 tablet:10014 rowset commit, version:4 rowset:3 #version:4 #rowset:3
2025-05-17 00:21:21.631+08:00 INFO (backend-worker-10002|108) [BeTxnManager.publish():117] backend: 10002 txn: 4 publish version error:0 / total:3 
2025-05-17 00:21:21.631+08:00 INFO (backend-worker-10001|105) [Tablet.commitNextRowset():323] txn: 4 tablet:10014 rowset commit, version:4 rowset:3 #version:4 #rowset:3
2025-05-17 00:21:21.631+08:00 INFO (backend-worker-10001|105) [BeTxnManager.publish():117] backend: 10001 txn: 4 publish version error:0 / total:3 
2025-05-17 00:21:21.631+08:00 INFO (backend-worker-10003|111) [BeTxnManager.publish():117] backend: 10003 txn: 4 publish version error:0 / total:3 
2025-05-17 00:21:21.642+08:00 INFO (PUBLISH_VERSION|38) [DatabaseTransactionMgr.finishTransactionNew():1918] finish transaction TransactionState. txn_id: 4, label: insert_cdec8b5f-3271-11f0-81e1-02420aff0002, db id: 10001, table id list: 10003, callback id: 10021, coordinator: FE: 127.0.0.1, transaction status: VISIBLE, error replicas num: 0, replica ids: , prepare time: 1747412481603, write end time: 1747412481625, allow commit time: -1, commit time: 1747412481626, finish time: 1747412481641, write cost: 23ms, wait for publish cost: 4ms, publish rpc cost: 1ms, finish txn cost: 10ms, publish total cost: 15ms, total cost: 38ms, reason: , newFinish attachment: com.starrocks.transaction.InsertTxnCommitAttachment@351c647f successfully
2025-05-17 00:21:21.642+08:00 INFO (starrocks-mysql-nio-pool-1|121) [TxnStateCallbackFactory.removeCallback():47] remove callback of txn state : 10021. current callback size: 0
2025-05-17 00:21:21.650+08:00 INFO (starrocks-mysql-nio-pool-1|121) [DatabaseTransactionMgr.beginTransaction():186] begin transaction: txn_id: 5 with label insert_cdf3b752-3271-11f0-81e1-02420aff0002 from coordinator FE: 127.0.0.1, listner id: -1
2025-05-17 00:21:21.654+08:00 INFO (starrocks-mysql-nio-pool-1|121) [TxnStateCallbackFactory.addCallback():40] add callback of txn state : 10022. current callback size: 1
2025-05-17 00:21:21.658+08:00 INFO (starrocks-mysql-nio-pool-1|121) [DefaultCoordinator.prepareProfile():606] dispatch load job: cdf3b752-3271-11f0-81e1-02420aff0002 to [10001]
2025-05-17 00:21:21.663+08:00 INFO (PBackendService-10001|106) [PseudoBackend.execPlanFragmentWithReport():1250] exec_plan_fragment query: cdf3b752-3271-11f0-81e1-02420aff0002 fragment: cdf3b752-3271-11f0-81e1-02420aff0003 sink: 10003 test
2025-05-17 00:21:21.665+08:00 INFO (starrocks-mysql-nio-pool-1|121) [DatabaseTransactionMgr.commitPreparedTransaction():469] transaction:[TransactionState. txn_id: 5, label: insert_cdf3b752-3271-11f0-81e1-02420aff0002, db id: 10001, table id list: 10003, callback id: 10022, coordinator: FE: 127.0.0.1, transaction status: COMMITTED, error replicas num: 0, replica ids: , prepare time: 1747412481650, write end time: 1747412481663, allow commit time: -1, commit time: 1747412481664, finish time: -1, write cost: 14ms, reason:  attachment: com.starrocks.transaction.InsertTxnCommitAttachment@733fdfc2 tabletCommitInfos size: 9] successfully committed
2025-05-17 00:21:21.673+08:00 INFO (backend-worker-10002|108) [Tablet.commitNextRowset():323] txn: 5 tablet:10006 rowset commit, version:5 rowset:4 #version:5 #rowset:4
2025-05-17 00:21:21.673+08:00 INFO (backend-worker-10003|111) [Tablet.commitNextRowset():323] txn: 5 tablet:10006 rowset commit, version:5 rowset:4 #version:5 #rowset:4
2025-05-17 00:21:21.673+08:00 INFO (backend-worker-10001|105) [Tablet.commitNextRowset():323] txn: 5 tablet:10006 rowset commit, version:5 rowset:4 #version:5 #rowset:4
2025-05-17 00:21:21.673+08:00 INFO (backend-worker-10002|108) [Tablet.commitNextRowset():323] txn: 5 tablet:10010 rowset commit, version:5 rowset:4 #version:5 #rowset:4
2025-05-17 00:21:21.673+08:00 INFO (backend-worker-10002|108) [Tablet.commitNextRowset():323] txn: 5 tablet:10014 rowset commit, version:5 rowset:4 #version:5 #rowset:4
2025-05-17 00:21:21.673+08:00 INFO (backend-worker-10002|108) [BeTxnManager.publish():117] backend: 10002 txn: 5 publish version error:0 / total:3 
2025-05-17 00:21:21.674+08:00 INFO (backend-worker-10001|105) [Tablet.commitNextRowset():323] txn: 5 tablet:10010 rowset commit, version:5 rowset:4 #version:5 #rowset:4
2025-05-17 00:21:21.674+08:00 INFO (backend-worker-10001|105) [Tablet.commitNextRowset():323] txn: 5 tablet:10014 rowset commit, version:5 rowset:4 #version:5 #rowset:4
2025-05-17 00:21:21.674+08:00 INFO (backend-worker-10001|105) [BeTxnManager.publish():117] backend: 10001 txn: 5 publish version error:0 / total:3 
2025-05-17 00:21:21.674+08:00 INFO (backend-worker-10003|111) [Tablet.commitNextRowset():323] txn: 5 tablet:10010 rowset commit, version:5 rowset:4 #version:5 #rowset:4
2025-05-17 00:21:21.674+08:00 INFO (backend-worker-10003|111) [Tablet.commitNextRowset():323] txn: 5 tablet:10014 rowset commit, version:5 rowset:4 #version:5 #rowset:4
2025-05-17 00:21:21.674+08:00 INFO (backend-worker-10003|111) [BeTxnManager.publish():117] backend: 10003 txn: 5 publish version error:0 / total:3 
2025-05-17 00:21:21.684+08:00 INFO (PUBLISH_VERSION|38) [DatabaseTransactionMgr.finishTransactionNew():1918] finish transaction TransactionState. txn_id: 5, label: insert_cdf3b752-3271-11f0-81e1-02420aff0002, db id: 10001, table id list: 10003, callback id: 10022, coordinator: FE: 127.0.0.1, transaction status: VISIBLE, error replicas num: 0, replica ids: , prepare time: 1747412481650, write end time: 1747412481663, allow commit time: -1, commit time: 1747412481664, finish time: 1747412481683, write cost: 14ms, wait for publish cost: 9ms, publish rpc cost: 2ms, finish txn cost: 8ms, publish total cost: 19ms, total cost: 33ms, reason: , newFinish attachment: com.starrocks.transaction.InsertTxnCommitAttachment@733fdfc2 successfully
2025-05-17 00:21:21.684+08:00 INFO (starrocks-mysql-nio-pool-1|121) [TxnStateCallbackFactory.removeCallback():47] remove callback of txn state : 10022. current callback size: 0
2025-05-17 00:21:21.689+08:00 INFO (starrocks-mysql-nio-pool-1|121) [DatabaseTransactionMgr.beginTransaction():186] begin transaction: txn_id: 6 with label insert_cdf9d1d5-3271-11f0-81e1-02420aff0002 from coordinator FE: 127.0.0.1, listner id: -1
2025-05-17 00:21:21.694+08:00 INFO (starrocks-mysql-nio-pool-1|121) [TxnStateCallbackFactory.addCallback():40] add callback of txn state : 10023. current callback size: 1
2025-05-17 00:21:21.695+08:00 INFO (starrocks-mysql-nio-pool-1|121) [DefaultCoordinator.prepareProfile():606] dispatch load job: cdf9d1d5-3271-11f0-81e1-02420aff0002 to [10002]
2025-05-17 00:21:21.698+08:00 WARN (PBackendService-10002|109) [PseudoOlapTableSink$NodeChannel.open():89] open tablet writer failed: node:10001 Too many versions. tablet_id: 10006, version_count: 4, limit: 4
2025-05-17 00:21:21.698+08:00 WARN (PBackendService-10002|109) [PseudoOlapTableSink$NodeChannel.open():89] open tablet writer failed: node:10002 Too many versions. tablet_id: 10006, version_count: 4, limit: 4
2025-05-17 00:21:21.700+08:00 WARN (PBackendService-10002|109) [PseudoBackend.execPlanFragmentWithReport():1253] error execPlanFragmentWithReport
java.lang.Exception: open sink failed, backend:10002 txn:6 index:10004 has intolerable failure: Too many versions. tablet_id: 10006, version_count: 4, limit: 4 [10001, 10002] numReplica:3 |
	at com.starrocks.pseudocluster.PseudoBackend.runSink(PseudoBackend.java:1378) ~[test-classes/:?]
	at com.starrocks.pseudocluster.PseudoBackend.execPlanFragmentWithReport(PseudoBackend.java:1246) ~[test-classes/:?]
	at com.starrocks.pseudocluster.PseudoBackend$PseudoPBackendService.lambda$execPlanFragmentAsync$2(PseudoBackend.java:939) ~[test-classes/:?]
	at java.util.concurrent.Executors$RunnableAdapter.call(Executors.java:515) ~[?:?]
	at java.util.concurrent.FutureTask.run(FutureTask.java:264) ~[?:?]
	at java.util.concurrent.ThreadPoolExecutor.runWorker(ThreadPoolExecutor.java:1128) ~[?:?]
	at java.util.concurrent.ThreadPoolExecutor$Worker.run(ThreadPoolExecutor.java:628) ~[?:?]
	at java.lang.Thread.run(Thread.java:829) ~[?:?]
2025-05-17 00:21:21.704+08:00 WARN (PBackendService-10002|109) [DefaultCoordinator.lambda$updateFragmentExecStatus$9():1077] exec state report failed status=errorCode INTERNAL_ERROR open sink failed, backend:10002 txn:6 index:10004 has intolerable failure: Too many versions. tablet_id: 10006, version_count: 4, limit: 4 [10001, 10002] numReplica:3 |, query_id=cdf9d1d5-3271-11f0-81e1-02420aff0002, instance_id=cdf9d1d5-3271-11f0-81e1-02420aff0003, backend_id=10002
2025-05-17 00:21:21.705+08:00 WARN (PBackendService-10002|109) [DefaultCoordinator.updateStatus():858] one instance report fail throw updateStatus(), need cancel. job id: 10023, query id: cdf9d1d5-3271-11f0-81e1-02420aff0002, instance id: cdf9d1d5-3271-11f0-81e1-02420aff0003
2025-05-17 00:21:21.705+08:00 WARN (starrocks-mysql-nio-pool-1|121) [StmtExecutor.handleDMLStmt():2450] insert failed: open sink failed, backend:10002 txn:6 index:10004 has intolerable failure: Too many versions. tablet_id: 10006, version_count: 4, limit: 4 [10001, 10002] numReplica:3 |
2025-05-17 00:21:21.707+08:00 WARN (starrocks-mysql-nio-pool-1|121) [StmtExecutor.handleDMLStmt():2632] failed to handle stmt [insert into test.test values (1,"1", 1), (2,"2", 2), (3,"3", 3)] label: insert_cdf9d1d5-3271-11f0-81e1-02420aff0002
com.starrocks.common.DdlException: open sink failed, backend:10002 txn:6 index:10004 has intolerable failure: Too many versions. tablet_id: 10006, version_count: 4, limit: 4 [10001, 10002] numReplica:3 |
	at com.starrocks.common.ErrorReport.reportDdlException(ErrorReport.java:90) ~[classes/:?]
	at com.starrocks.qe.StmtExecutor.handleDMLStmt(StmtExecutor.java:2451) ~[classes/:?]
	at com.starrocks.qe.StmtExecutor.handleDMLStmtWithProfile(StmtExecutor.java:2210) ~[classes/:?]
	at com.starrocks.qe.StmtExecutor.execute(StmtExecutor.java:745) ~[classes/:?]
	at com.starrocks.qe.ConnectProcessor.handleQuery(ConnectProcessor.java:372) ~[classes/:?]
	at com.starrocks.qe.ConnectProcessor.dispatch(ConnectProcessor.java:572) ~[classes/:?]
	at com.starrocks.qe.ConnectProcessor.processOnce(ConnectProcessor.java:910) ~[classes/:?]
	at com.starrocks.mysql.nio.ReadListener.lambda$handleEvent$0(ReadListener.java:69) ~[classes/:?]
	at java.util.concurrent.ThreadPoolExecutor.runWorker(ThreadPoolExecutor.java:1128) ~[?:?]
	at java.util.concurrent.ThreadPoolExecutor$Worker.run(ThreadPoolExecutor.java:628) ~[?:?]
	at java.lang.Thread.run(Thread.java:829) ~[?:?]
2025-05-17 00:21:21.708+08:00 INFO (starrocks-mysql-nio-pool-1|121) [DatabaseTransactionMgr.abortTransaction():553] transaction:[TransactionState. txn_id: 6, label: insert_cdf9d1d5-3271-11f0-81e1-02420aff0002, db id: 10001, table id list: 10003, callback id: 10023, coordinator: FE: 127.0.0.1, transaction status: ABORTED, error replicas num: 0, replica ids: , prepare time: 1747412481689, write end time: -1, allow commit time: -1, commit time: -1, finish time: 1747412481708, total cost: 19ms, reason: open sink failed, backend:10002 txn:6 index:10004 has intolerable failure: Too many versions. tablet_id: 10006, version_count: 4, limit: 4 [10001, 10002] numReplica:3 |] successfully rollback
2025-05-17 00:21:21.709+08:00 INFO (starrocks-mysql-nio-pool-1|121) [TxnStateCallbackFactory.removeCallback():47] remove callback of txn state : 10023. current callback size: 0
2025-05-17 00:21:21.710+08:00 WARN (starrocks-mysql-nio-pool-1|121) [StmtExecutor.handleDMLStmtWithProfile():2212] DML statement(insert into test.test values (1,"1", 1), (2,"2", 2), (3,"3", 3)) process failed.
com.starrocks.common.UserException: open sink failed, backend:10002 txn:6 index:10004 has intolerable failure: Too many versions. tablet_id: 10006, version_count: 4, limit: 4 [10001, 10002] numReplica:3 |
	at com.starrocks.qe.StmtExecutor.handleDMLStmt(StmtExecutor.java:2680) ~[classes/:?]
	at com.starrocks.qe.StmtExecutor.handleDMLStmtWithProfile(StmtExecutor.java:2210) ~[classes/:?]
	at com.starrocks.qe.StmtExecutor.execute(StmtExecutor.java:745) ~[classes/:?]
	at com.starrocks.qe.ConnectProcessor.handleQuery(ConnectProcessor.java:372) ~[classes/:?]
	at com.starrocks.qe.ConnectProcessor.dispatch(ConnectProcessor.java:572) ~[classes/:?]
	at com.starrocks.qe.ConnectProcessor.processOnce(ConnectProcessor.java:910) ~[classes/:?]
	at com.starrocks.mysql.nio.ReadListener.lambda$handleEvent$0(ReadListener.java:69) ~[classes/:?]
	at java.util.concurrent.ThreadPoolExecutor.runWorker(ThreadPoolExecutor.java:1128) ~[?:?]
	at java.util.concurrent.ThreadPoolExecutor$Worker.run(ThreadPoolExecutor.java:628) ~[?:?]
	at java.lang.Thread.run(Thread.java:829) ~[?:?]
Caused by: com.starrocks.common.DdlException: open sink failed, backend:10002 txn:6 index:10004 has intolerable failure: Too many versions. tablet_id: 10006, version_count: 4, limit: 4 [10001, 10002] numReplica:3 |
	at com.starrocks.common.ErrorReport.reportDdlException(ErrorReport.java:90) ~[classes/:?]
	at com.starrocks.qe.StmtExecutor.handleDMLStmt(StmtExecutor.java:2451) ~[classes/:?]
	... 9 more
2025-05-17 00:21:21.710+08:00 INFO (starrocks-mysql-nio-pool-1|121) [StmtExecutor.execute():803] execute Exception, sql: insert into test.test values (1,"1", 1), (2,"2", 2), (3,"3", 3), error: open sink failed, backend:10002 txn:6 index:10004 has intolerable failure: Too many versions. tablet_id: 10006, version_count: 4, limit: 4 [10001, 10002] numReplica:3 |
2025-05-17 00:21:21.712+08:00 WARN (main|1) [Slf4JLogger.warn():99] Error: 5025-HY000: open sink failed, backend:10002 txn:6 index:10004 has intolerable failure: Too many versions. tablet_id: 10006, version_count: 4, limit: 4 [10001, 10002] numReplica:3 |
2025-05-17 00:21:21.713+08:00 ERROR (main|1) [PseudoCluster.runSingleSql():333] (conn=1) open sink failed, backend:10002 txn:6 index:10004 has intolerable failure: Too many versions. tablet_id: 10006, version_count: 4, limit: 4 [10001, 10002] numReplica:3 |
java.sql.SQLException: (conn=1) open sink failed, backend:10002 txn:6 index:10004 has intolerable failure: Too many versions. tablet_id: 10006, version_count: 4, limit: 4 [10001, 10002] numReplica:3 |
	at org.mariadb.jdbc.export.ExceptionFactory.createException(ExceptionFactory.java:306) ~[mariadb-java-client-3.3.2.jar:?]
	at org.mariadb.jdbc.export.ExceptionFactory.create(ExceptionFactory.java:378) ~[mariadb-java-client-3.3.2.jar:?]
	at org.mariadb.jdbc.message.ClientMessage.readPacket(ClientMessage.java:172) ~[mariadb-java-client-3.3.2.jar:?]
	at org.mariadb.jdbc.client.impl.StandardClient.readPacket(StandardClient.java:913) ~[mariadb-java-client-3.3.2.jar:?]
	at org.mariadb.jdbc.client.impl.StandardClient.readResults(StandardClient.java:852) ~[mariadb-java-client-3.3.2.jar:?]
	at org.mariadb.jdbc.client.impl.StandardClient.readResponse(StandardClient.java:771) ~[mariadb-java-client-3.3.2.jar:?]
	at org.mariadb.jdbc.client.impl.StandardClient.execute(StandardClient.java:695) ~[mariadb-java-client-3.3.2.jar:?]
	at org.mariadb.jdbc.Statement.executeInternal(Statement.java:1035) ~[mariadb-java-client-3.3.2.jar:?]
	at org.mariadb.jdbc.Statement.execute(Statement.java:1165) ~[mariadb-java-client-3.3.2.jar:?]
	at org.mariadb.jdbc.Statement.execute(Statement.java:493) ~[mariadb-java-client-3.3.2.jar:?]
	at org.apache.commons.dbcp2.DelegatingStatement.execute(DelegatingStatement.java:193) ~[commons-dbcp2-2.9.0.jar:2.9.0]
	at org.apache.commons.dbcp2.DelegatingStatement.execute(DelegatingStatement.java:193) ~[commons-dbcp2-2.9.0.jar:2.9.0]
	at com.starrocks.pseudocluster.PseudoCluster.runSingleSql(PseudoCluster.java:318) ~[test-classes/:?]
	at com.starrocks.pseudocluster.PseudoCluster.runSql(PseudoCluster.java:346) ~[test-classes/:?]
	at com.starrocks.pseudocluster.PseudoCluster.runSql(PseudoCluster.java:354) ~[test-classes/:?]
	at com.starrocks.transaction.TooManyVersionWriteFailTest.testTooManyVersionFail(TooManyVersionWriteFailTest.java:56) ~[test-classes/:?]
	at jdk.internal.reflect.NativeMethodAccessorImpl.invoke0(Native Method) ~[?:?]
	at jdk.internal.reflect.NativeMethodAccessorImpl.invoke(NativeMethodAccessorImpl.java:62) ~[?:?]
	at jdk.internal.reflect.DelegatingMethodAccessorImpl.invoke(DelegatingMethodAccessorImpl.java:43) ~[?:?]
	at java.lang.reflect.Method.invoke(Method.java:566) ~[?:?]
	at org.junit.runners.model.FrameworkMethod$1.runReflectiveCall(FrameworkMethod.java:59) ~[junit-4.13.1.jar:4.13.1]
	at org.junit.internal.runners.model.ReflectiveCallable.run(ReflectiveCallable.java:12) ~[junit-4.13.1.jar:4.13.1]
	at org.junit.runners.model.FrameworkMethod.invokeExplosively(FrameworkMethod.java:56) ~[junit-4.13.1.jar:4.13.1]
	at mockit.integration.junit4.JUnit4TestRunnerDecorator.executeTestMethod(JUnit4TestRunnerDecorator.java:157) ~[jmockit-1.49.4.jar:1.49.4]
	at mockit.integration.junit4.JUnit4TestRunnerDecorator.invokeExplosively(JUnit4TestRunnerDecorator.java:71) ~[jmockit-1.49.4.jar:1.49.4]
	at mockit.integration.junit4.FakeFrameworkMethod.invokeExplosively(FakeFrameworkMethod.java:29) ~[jmockit-1.49.4.jar:1.49.4]
	at org.junit.runners.model.FrameworkMethod.invokeExplosively(FrameworkMethod.java) ~[junit-4.13.1.jar:4.13.1]
	at org.junit.internal.runners.statements.InvokeMethod.evaluate(InvokeMethod.java:17) ~[junit-4.13.1.jar:4.13.1]
	at org.junit.runners.ParentRunner$3.evaluate(ParentRunner.java:306) ~[junit-4.13.1.jar:4.13.1]
	at org.junit.runners.BlockJUnit4ClassRunner$1.evaluate(BlockJUnit4ClassRunner.java:100) ~[junit-4.13.1.jar:4.13.1]
	at org.junit.runners.ParentRunner.runLeaf(ParentRunner.java:366) ~[junit-4.13.1.jar:4.13.1]
	at org.junit.runners.BlockJUnit4ClassRunner.runChild(BlockJUnit4ClassRunner.java:103) ~[junit-4.13.1.jar:4.13.1]
	at org.junit.runners.BlockJUnit4ClassRunner.runChild(BlockJUnit4ClassRunner.java:63) ~[junit-4.13.1.jar:4.13.1]
	at org.junit.runners.ParentRunner$4.run(ParentRunner.java:331) ~[junit-4.13.1.jar:4.13.1]
	at org.junit.runners.ParentRunner$1.schedule(ParentRunner.java:79) ~[junit-4.13.1.jar:4.13.1]
	at org.junit.runners.ParentRunner.runChildren(ParentRunner.java:329) ~[junit-4.13.1.jar:4.13.1]
	at org.junit.runners.ParentRunner.access$100(ParentRunner.java:66) ~[junit-4.13.1.jar:4.13.1]
	at org.junit.runners.ParentRunner$2.evaluate(ParentRunner.java:293) ~[junit-4.13.1.jar:4.13.1]
	at org.junit.internal.runners.statements.RunBefores.evaluate(RunBefores.java:26) ~[junit-4.13.1.jar:4.13.1]
	at org.junit.internal.runners.statements.RunAfters.evaluate(RunAfters.java:27) ~[junit-4.13.1.jar:4.13.1]
	at org.junit.runners.ParentRunner$3.evaluate(ParentRunner.java:306) ~[junit-4.13.1.jar:4.13.1]
	at org.junit.runners.ParentRunner.run(ParentRunner.java:413) ~[junit-4.13.1.jar:4.13.1]
	at org.junit.runner.JUnitCore.run(JUnitCore.java:137) ~[junit-4.13.1.jar:4.13.1]
	at org.junit.runner.JUnitCore.run(JUnitCore.java:115) ~[junit-4.13.1.jar:4.13.1]
	at org.junit.vintage.engine.execution.RunnerExecutor.execute(RunnerExecutor.java:42) ~[junit-vintage-engine-5.8.2.jar:5.8.2]
	at org.junit.vintage.engine.VintageTestEngine.executeAllChildren(VintageTestEngine.java:80) ~[junit-vintage-engine-5.8.2.jar:5.8.2]
	at org.junit.vintage.engine.VintageTestEngine.execute(VintageTestEngine.java:72) ~[junit-vintage-engine-5.8.2.jar:5.8.2]
	at org.junit.platform.launcher.core.DefaultLauncher.execute(DefaultLauncher.java:220) ~[junit-platform-launcher-1.3.1.jar:1.3.1]
	at org.junit.platform.launcher.core.DefaultLauncher.lambda$execute$6(DefaultLauncher.java:188) ~[junit-platform-launcher-1.3.1.jar:1.3.1]
	at org.junit.platform.launcher.core.DefaultLauncher.withInterceptedStreams(DefaultLauncher.java:202) ~[junit-platform-launcher-1.3.1.jar:1.3.1]
	at org.junit.platform.launcher.core.DefaultLauncher.execute(DefaultLauncher.java:181) ~[junit-platform-launcher-1.3.1.jar:1.3.1]
	at org.junit.platform.launcher.core.DefaultLauncher.execute(DefaultLauncher.java:128) ~[junit-platform-launcher-1.3.1.jar:1.3.1]
	at org.apache.maven.surefire.junitplatform.JUnitPlatformProvider.invokeAllTests(JUnitPlatformProvider.java:150) ~[surefire-junit-platform-2.22.2.jar:2.22.2]
	at org.apache.maven.surefire.junitplatform.JUnitPlatformProvider.invoke(JUnitPlatformProvider.java:120) ~[surefire-junit-platform-2.22.2.jar:2.22.2]
	at org.apache.maven.surefire.booter.ForkedBooter.invokeProviderInSameClassLoader(ForkedBooter.java:384) ~[surefire-booter-2.22.2.jar:2.22.2]
	at org.apache.maven.surefire.booter.ForkedBooter.runSuitesInProcess(ForkedBooter.java:345) ~[surefire-booter-2.22.2.jar:2.22.2]
	at org.apache.maven.surefire.booter.ForkedBooter.execute(ForkedBooter.java:126) ~[surefire-booter-2.22.2.jar:2.22.2]
	at org.apache.maven.surefire.booter.ForkedBooter.main(ForkedBooter.java:418) ~[surefire-booter-2.22.2.jar:2.22.2]
2025-05-17 00:21:26.011+08:00 INFO (be-10001|107) [PseudoBackend.reportTablets():500] report 3 tablets
2025-05-17 00:21:26.011+08:00 INFO (ReportHandler|26) [ReportHandler.tabletReport():458] backend[10001] reports 3 tablet(s). report version: 7
2025-05-17 00:21:26.011+08:00 INFO (be-10001|107) [PseudoBackend.reportDisks():533] report 1 disks
2025-05-17 00:21:26.012+08:00 INFO (be-10001|107) [PseudoBackend.reportTasks():562] report 2 tasks
2025-05-17 00:21:26.012+08:00 INFO (ReportHandler|26) [ReportHandler.tabletReport():745] finished to do tablet diff with backend[10001]. sync: 0. metaDel: 0. foundValid: 3. foundInvalid: 0. migration: 0. found invalid transactions 0. found republish transactions 0  cost: 0 ms
2025-05-17 00:21:26.014+08:00 INFO (be-10001|107) [Tablet.doCompaction():497] tablet:10006 compaction #rowset:4 [1-5 #pending:0]
2025-05-17 00:21:26.014+08:00 INFO (be-10001|107) [Tablet.doCompaction():497] tablet:10010 compaction #rowset:4 [1-5 #pending:0]
2025-05-17 00:21:26.014+08:00 INFO (be-10001|107) [Tablet.doCompaction():497] tablet:10014 compaction #rowset:4 [1-5 #pending:0]
2025-05-17 00:21:26.021+08:00 INFO (ReportHandler|26) [ReportHandler.tabletReport():458] backend[10002] reports 3 tablet(s). report version: 7
2025-05-17 00:21:26.021+08:00 INFO (be-10002|110) [PseudoBackend.reportTablets():500] report 3 tablets
2025-05-17 00:21:26.022+08:00 INFO (ReportHandler|26) [ReportHandler.tabletReport():745] finished to do tablet diff with backend[10002]. sync: 0. metaDel: 0. foundValid: 3. foundInvalid: 0. migration: 0. found invalid transactions 0. found republish transactions 0  cost: 0 ms
2025-05-17 00:21:26.022+08:00 INFO (be-10002|110) [PseudoBackend.reportDisks():533] report 1 disks
2025-05-17 00:21:26.023+08:00 INFO (be-10002|110) [PseudoBackend.reportTasks():562] report 2 tasks
2025-05-17 00:21:26.023+08:00 INFO (be-10002|110) [Tablet.doCompaction():497] tablet:10006 compaction #rowset:4 [1-5 #pending:0]
2025-05-17 00:21:26.023+08:00 INFO (be-10002|110) [Tablet.doCompaction():497] tablet:10010 compaction #rowset:4 [1-5 #pending:0]
2025-05-17 00:21:26.023+08:00 INFO (be-10002|110) [Tablet.doCompaction():497] tablet:10014 compaction #rowset:4 [1-5 #pending:0]
2025-05-17 00:21:26.031+08:00 INFO (be-10003|113) [PseudoBackend.reportTablets():500] report 3 tablets
2025-05-17 00:21:26.032+08:00 INFO (be-10003|113) [PseudoBackend.reportDisks():533] report 1 disks
2025-05-17 00:21:26.032+08:00 INFO (be-10003|113) [PseudoBackend.reportTasks():562] report 2 tasks
2025-05-17 00:21:26.033+08:00 INFO (be-10003|113) [Tablet.doCompaction():497] tablet:10006 compaction #rowset:4 [1-5 #pending:0]
2025-05-17 00:21:26.032+08:00 INFO (ReportHandler|26) [ReportHandler.tabletReport():458] backend[10003] reports 3 tablet(s). report version: 7
2025-05-17 00:21:26.034+08:00 INFO (be-10003|113) [Tablet.doCompaction():497] tablet:10010 compaction #rowset:4 [1-5 #pending:0]
2025-05-17 00:21:26.034+08:00 INFO (be-10003|113) [Tablet.doCompaction():497] tablet:10014 compaction #rowset:4 [1-5 #pending:0]
2025-05-17 00:21:26.034+08:00 INFO (ReportHandler|26) [ReportHandler.tabletReport():745] finished to do tablet diff with backend[10003]. sync: 0. metaDel: 0. foundValid: 3. foundInvalid: 0. migration: 0. found invalid transactions 0. found republish transactions 0  cost: 0 ms
2025-05-17 00:21:26.722+08:00 INFO (starrocks-mysql-nio-pool-1|121) [DatabaseTransactionMgr.beginTransaction():186] begin transaction: txn_id: 7 with label insert_d0f9cb69-3271-11f0-81e1-02420aff0002 from coordinator FE: 127.0.0.1, listner id: -1
2025-05-17 00:21:26.726+08:00 INFO (starrocks-mysql-nio-pool-1|121) [TxnStateCallbackFactory.addCallback():40] add callback of txn state : 10024. current callback size: 1
2025-05-17 00:21:26.728+08:00 INFO (starrocks-mysql-nio-pool-1|121) [DefaultCoordinator.prepareProfile():606] dispatch load job: d0f9cb69-3271-11f0-81e1-02420aff0002 to [10003]
2025-05-17 00:21:26.730+08:00 INFO (PBackendService-10003|112) [PseudoBackend.execPlanFragmentWithReport():1250] exec_plan_fragment query: d0f9cb69-3271-11f0-81e1-02420aff0002 fragment: d0f9cb69-3271-11f0-81e1-02420aff0003 sink: 10003 test
2025-05-17 00:21:26.731+08:00 INFO (starrocks-mysql-nio-pool-1|121) [DatabaseTransactionMgr.commitPreparedTransaction():469] transaction:[TransactionState. txn_id: 7, label: insert_d0f9cb69-3271-11f0-81e1-02420aff0002, db id: 10001, table id list: 10003, callback id: 10024, coordinator: FE: 127.0.0.1, transaction status: COMMITTED, error replicas num: 0, replica ids: , prepare time: 1747412486722, write end time: 1747412486731, allow commit time: -1, commit time: 1747412486731, finish time: -1, write cost: 9ms, reason:  attachment: com.starrocks.transaction.InsertTxnCommitAttachment@3d6926f0 tabletCommitInfos size: 9] successfully committed
2025-05-17 00:21:26.739+08:00 INFO (backend-worker-10002|108) [Tablet.commitNextRowset():323] txn: 7 tablet:10006 rowset commit, version:6 rowset:6 #version:7 #rowset:2
2025-05-17 00:21:26.739+08:00 INFO (backend-worker-10003|111) [Tablet.commitNextRowset():323] txn: 7 tablet:10006 rowset commit, version:6 rowset:6 #version:7 #rowset:2
2025-05-17 00:21:26.739+08:00 INFO (backend-worker-10001|105) [Tablet.commitNextRowset():323] txn: 7 tablet:10006 rowset commit, version:6 rowset:6 #version:7 #rowset:2
2025-05-17 00:21:26.740+08:00 INFO (backend-worker-10002|108) [Tablet.commitNextRowset():323] txn: 7 tablet:10010 rowset commit, version:6 rowset:6 #version:7 #rowset:2
2025-05-17 00:21:26.740+08:00 INFO (backend-worker-10003|111) [Tablet.commitNextRowset():323] txn: 7 tablet:10010 rowset commit, version:6 rowset:6 #version:7 #rowset:2
2025-05-17 00:21:26.740+08:00 INFO (backend-worker-10001|105) [Tablet.commitNextRowset():323] txn: 7 tablet:10010 rowset commit, version:6 rowset:6 #version:7 #rowset:2
2025-05-17 00:21:26.740+08:00 INFO (backend-worker-10002|108) [Tablet.commitNextRowset():323] txn: 7 tablet:10014 rowset commit, version:6 rowset:6 #version:7 #rowset:2
2025-05-17 00:21:26.740+08:00 INFO (backend-worker-10003|111) [Tablet.commitNextRowset():323] txn: 7 tablet:10014 rowset commit, version:6 rowset:6 #version:7 #rowset:2
2025-05-17 00:21:26.740+08:00 INFO (backend-worker-10001|105) [Tablet.commitNextRowset():323] txn: 7 tablet:10014 rowset commit, version:6 rowset:6 #version:7 #rowset:2
2025-05-17 00:21:26.740+08:00 INFO (backend-worker-10002|108) [BeTxnManager.publish():117] backend: 10002 txn: 7 publish version error:0 / total:3 
2025-05-17 00:21:26.740+08:00 INFO (backend-worker-10003|111) [BeTxnManager.publish():117] backend: 10003 txn: 7 publish version error:0 / total:3 
2025-05-17 00:21:26.740+08:00 INFO (backend-worker-10001|105) [BeTxnManager.publish():117] backend: 10001 txn: 7 publish version error:0 / total:3 
2025-05-17 00:21:26.751+08:00 INFO (starrocks-mysql-nio-pool-1|121) [TxnStateCallbackFactory.removeCallback():47] remove callback of txn state : 10024. current callback size: 0
2025-05-17 00:21:26.751+08:00 INFO (PUBLISH_VERSION|38) [DatabaseTransactionMgr.finishTransactionNew():1918] finish transaction TransactionState. txn_id: 7, label: insert_d0f9cb69-3271-11f0-81e1-02420aff0002, db id: 10001, table id list: 10003, callback id: 10024, coordinator: FE: 127.0.0.1, transaction status: VISIBLE, error replicas num: 0, replica ids: , prepare time: 1747412486722, write end time: 1747412486731, allow commit time: -1, commit time: 1747412486731, finish time: 1747412486750, write cost: 9ms, wait for publish cost: 8ms, publish rpc cost: 1ms, finish txn cost: 10ms, publish total cost: 19ms, total cost: 28ms, reason: , newFinish attachment: com.starrocks.transaction.InsertTxnCommitAttachment@3d6926f0 successfully
2025-05-17 00:21:26.755+08:00 INFO (starrocks-mysql-nio-pool-1|121) [DatabaseTransactionMgr.beginTransaction():186] begin transaction: txn_id: 8 with label insert_d0fed47c-3271-11f0-81e1-02420aff0002 from coordinator FE: 127.0.0.1, listner id: -1
2025-05-17 00:21:26.759+08:00 INFO (starrocks-mysql-nio-pool-1|121) [TxnStateCallbackFactory.addCallback():40] add callback of txn state : 10025. current callback size: 1
2025-05-17 00:21:26.760+08:00 INFO (starrocks-mysql-nio-pool-1|121) [DefaultCoordinator.prepareProfile():606] dispatch load job: d0fed47c-3271-11f0-81e1-02420aff0002 to [10001]
2025-05-17 00:21:26.762+08:00 INFO (PBackendService-10001|106) [PseudoBackend.execPlanFragmentWithReport():1250] exec_plan_fragment query: d0fed47c-3271-11f0-81e1-02420aff0002 fragment: d0fed47c-3271-11f0-81e1-02420aff0003 sink: 10003 test
2025-05-17 00:21:26.775+08:00 INFO (starrocks-mysql-nio-pool-1|121) [DatabaseTransactionMgr.commitPreparedTransaction():469] transaction:[TransactionState. txn_id: 8, label: insert_d0fed47c-3271-11f0-81e1-02420aff0002, db id: 10001, table id list: 10003, callback id: 10025, coordinator: FE: 127.0.0.1, transaction status: COMMITTED, error replicas num: 0, replica ids: , prepare time: 1747412486755, write end time: 1747412486774, allow commit time: -1, commit time: 1747412486775, finish time: -1, write cost: 20ms, reason:  attachment: com.starrocks.transaction.InsertTxnCommitAttachment@432011e8 tabletCommitInfos size: 9] successfully committed
2025-05-17 00:21:26.782+08:00 INFO (backend-worker-10002|108) [Tablet.commitNextRowset():323] txn: 8 tablet:10006 rowset commit, version:7 rowset:7 #version:8 #rowset:3
2025-05-17 00:21:26.782+08:00 INFO (backend-worker-10001|105) [Tablet.commitNextRowset():323] txn: 8 tablet:10006 rowset commit, version:7 rowset:7 #version:8 #rowset:3
2025-05-17 00:21:26.782+08:00 INFO (backend-worker-10003|111) [Tablet.commitNextRowset():323] txn: 8 tablet:10006 rowset commit, version:7 rowset:7 #version:8 #rowset:3
2025-05-17 00:21:26.782+08:00 INFO (backend-worker-10001|105) [Tablet.commitNextRowset():323] txn: 8 tablet:10010 rowset commit, version:7 rowset:7 #version:8 #rowset:3
2025-05-17 00:21:26.782+08:00 INFO (backend-worker-10002|108) [Tablet.commitNextRowset():323] txn: 8 tablet:10010 rowset commit, version:7 rowset:7 #version:8 #rowset:3
2025-05-17 00:21:26.782+08:00 INFO (backend-worker-10001|105) [Tablet.commitNextRowset():323] txn: 8 tablet:10014 rowset commit, version:7 rowset:7 #version:8 #rowset:3
2025-05-17 00:21:26.782+08:00 INFO (backend-worker-10003|111) [Tablet.commitNextRowset():323] txn: 8 tablet:10010 rowset commit, version:7 rowset:7 #version:8 #rowset:3
2025-05-17 00:21:26.782+08:00 INFO (backend-worker-10001|105) [BeTxnManager.publish():117] backend: 10001 txn: 8 publish version error:0 / total:3 
2025-05-17 00:21:26.782+08:00 INFO (backend-worker-10002|108) [Tablet.commitNextRowset():323] txn: 8 tablet:10014 rowset commit, version:7 rowset:7 #version:8 #rowset:3
2025-05-17 00:21:26.782+08:00 INFO (backend-worker-10003|111) [Tablet.commitNextRowset():323] txn: 8 tablet:10014 rowset commit, version:7 rowset:7 #version:8 #rowset:3
2025-05-17 00:21:26.782+08:00 INFO (backend-worker-10002|108) [BeTxnManager.publish():117] backend: 10002 txn: 8 publish version error:0 / total:3 
2025-05-17 00:21:26.782+08:00 INFO (backend-worker-10003|111) [BeTxnManager.publish():117] backend: 10003 txn: 8 publish version error:0 / total:3 
2025-05-17 00:21:26.793+08:00 INFO (starrocks-mysql-nio-pool-1|121) [TxnStateCallbackFactory.removeCallback():47] remove callback of txn state : 10025. current callback size: 0
2025-05-17 00:21:26.793+08:00 INFO (PUBLISH_VERSION|38) [DatabaseTransactionMgr.finishTransactionNew():1918] finish transaction TransactionState. txn_id: 8, label: insert_d0fed47c-3271-11f0-81e1-02420aff0002, db id: 10001, table id list: 10003, callback id: 10025, coordinator: FE: 127.0.0.1, transaction status: VISIBLE, error replicas num: 0, replica ids: , prepare time: 1747412486755, write end time: 1747412486774, allow commit time: -1, commit time: 1747412486775, finish time: 1747412486792, write cost: 20ms, wait for publish cost: 6ms, publish rpc cost: 1ms, finish txn cost: 10ms, publish total cost: 17ms, total cost: 37ms, reason: , newFinish attachment: com.starrocks.transaction.InsertTxnCommitAttachment@432011e8 successfully
2025-05-17 00:21:26.798+08:00 INFO (starrocks-mysql-nio-pool-1|121) [DatabaseTransactionMgr.beginTransaction():186] begin transaction: txn_id: 9 with label insert_d105642f-3271-11f0-81e1-02420aff0002 from coordinator FE: 127.0.0.1, listner id: -1
2025-05-17 00:21:26.803+08:00 INFO (starrocks-mysql-nio-pool-1|121) [TxnStateCallbackFactory.addCallback():40] add callback of txn state : 10026. current callback size: 1
2025-05-17 00:21:26.804+08:00 INFO (starrocks-mysql-nio-pool-1|121) [DefaultCoordinator.prepareProfile():606] dispatch load job: d105642f-3271-11f0-81e1-02420aff0002 to [10002]
2025-05-17 00:21:26.807+08:00 INFO (PBackendService-10002|109) [PseudoBackend.execPlanFragmentWithReport():1250] exec_plan_fragment query: d105642f-3271-11f0-81e1-02420aff0002 fragment: d105642f-3271-11f0-81e1-02420aff0003 sink: 10003 test
2025-05-17 00:21:26.809+08:00 INFO (starrocks-mysql-nio-pool-1|121) [DatabaseTransactionMgr.commitPreparedTransaction():469] transaction:[TransactionState. txn_id: 9, label: insert_d105642f-3271-11f0-81e1-02420aff0002, db id: 10001, table id list: 10003, callback id: 10026, coordinator: FE: 127.0.0.1, transaction status: COMMITTED, error replicas num: 0, replica ids: , prepare time: 1747412486799, write end time: 1747412486808, allow commit time: -1, commit time: 1747412486808, finish time: -1, write cost: 9ms, reason:  attachment: com.starrocks.transaction.InsertTxnCommitAttachment@329b1ced tabletCommitInfos size: 9] successfully committed
2025-05-17 00:21:26.814+08:00 INFO (backend-worker-10001|105) [Tablet.commitNextRowset():323] txn: 9 tablet:10006 rowset commit, version:8 rowset:8 #version:9 #rowset:4
2025-05-17 00:21:26.814+08:00 INFO (backend-worker-10002|108) [Tablet.commitNextRowset():323] txn: 9 tablet:10006 rowset commit, version:8 rowset:8 #version:9 #rowset:4
2025-05-17 00:21:26.814+08:00 INFO (backend-worker-10002|108) [Tablet.commitNextRowset():323] txn: 9 tablet:10010 rowset commit, version:8 rowset:8 #version:9 #rowset:4
2025-05-17 00:21:26.814+08:00 INFO (backend-worker-10001|105) [Tablet.commitNextRowset():323] txn: 9 tablet:10010 rowset commit, version:8 rowset:8 #version:9 #rowset:4
2025-05-17 00:21:26.814+08:00 INFO (backend-worker-10002|108) [Tablet.commitNextRowset():323] txn: 9 tablet:10014 rowset commit, version:8 rowset:8 #version:9 #rowset:4
2025-05-17 00:21:26.814+08:00 INFO (backend-worker-10002|108) [BeTxnManager.publish():117] backend: 10002 txn: 9 publish version error:0 / total:3 
2025-05-17 00:21:26.814+08:00 INFO (backend-worker-10001|105) [Tablet.commitNextRowset():323] txn: 9 tablet:10014 rowset commit, version:8 rowset:8 #version:9 #rowset:4
2025-05-17 00:21:26.815+08:00 INFO (backend-worker-10001|105) [BeTxnManager.publish():117] backend: 10001 txn: 9 publish version error:0 / total:3 
2025-05-17 00:21:26.815+08:00 INFO (backend-worker-10003|111) [Tablet.commitNextRowset():323] txn: 9 tablet:10006 rowset commit, version:8 rowset:8 #version:9 #rowset:4
2025-05-17 00:21:26.815+08:00 INFO (backend-worker-10003|111) [Tablet.commitNextRowset():323] txn: 9 tablet:10010 rowset commit, version:8 rowset:8 #version:9 #rowset:4
2025-05-17 00:21:26.815+08:00 INFO (backend-worker-10003|111) [Tablet.commitNextRowset():323] txn: 9 tablet:10014 rowset commit, version:8 rowset:8 #version:9 #rowset:4
2025-05-17 00:21:26.815+08:00 INFO (backend-worker-10003|111) [BeTxnManager.publish():117] backend: 10003 txn: 9 publish version error:0 / total:3 
2025-05-17 00:21:26.827+08:00 INFO (starrocks-mysql-nio-pool-1|121) [TxnStateCallbackFactory.removeCallback():47] remove callback of txn state : 10026. current callback size: 0
2025-05-17 00:21:26.827+08:00 INFO (PUBLISH_VERSION|38) [DatabaseTransactionMgr.finishTransactionNew():1918] finish transaction TransactionState. txn_id: 9, label: insert_d105642f-3271-11f0-81e1-02420aff0002, db id: 10001, table id list: 10003, callback id: 10026, coordinator: FE: 127.0.0.1, transaction status: VISIBLE, error replicas num: 0, replica ids: , prepare time: 1747412486799, write end time: 1747412486808, allow commit time: -1, commit time: 1747412486808, finish time: 1747412486826, write cost: 9ms, wait for publish cost: 5ms, publish rpc cost: 2ms, finish txn cost: 11ms, publish total cost: 18ms, total cost: 27ms, reason: , newFinish attachment: com.starrocks.transaction.InsertTxnCommitAttachment@329b1ced successfully
2025-05-17 00:21:26.842+08:00 INFO (starrocks-mysql-nio-pool-1|121) [Database.unprotectDropTable():401] Finished drop table 'test' from database 'test'. tableId: 10003 force: true replay: false
2025-05-17 00:21:26.843+08:00 INFO (starrocks-mysql-nio-pool-1|121) [TabletTaskExecutor.deleteAllReplicas():427] delete tablet[10006] from backend[10001] because table 10003-test is dropped
2025-05-17 00:21:26.843+08:00 INFO (starrocks-mysql-nio-pool-1|121) [TabletTaskExecutor.deleteAllReplicas():427] delete tablet[10006] from backend[10002] because table 10003-test is dropped
2025-05-17 00:21:26.843+08:00 INFO (starrocks-mysql-nio-pool-1|121) [TabletTaskExecutor.deleteAllReplicas():427] delete tablet[10006] from backend[10003] because table 10003-test is dropped
2025-05-17 00:21:26.843+08:00 INFO (starrocks-mysql-nio-pool-1|121) [TabletTaskExecutor.deleteAllReplicas():427] delete tablet[10010] from backend[10001] because table 10003-test is dropped
2025-05-17 00:21:26.843+08:00 INFO (starrocks-mysql-nio-pool-1|121) [TabletTaskExecutor.deleteAllReplicas():427] delete tablet[10010] from backend[10002] because table 10003-test is dropped
2025-05-17 00:21:26.843+08:00 INFO (starrocks-mysql-nio-pool-1|121) [TabletTaskExecutor.deleteAllReplicas():427] delete tablet[10010] from backend[10003] because table 10003-test is dropped
2025-05-17 00:21:26.843+08:00 INFO (starrocks-mysql-nio-pool-1|121) [TabletTaskExecutor.deleteAllReplicas():427] delete tablet[10014] from backend[10001] because table 10003-test is dropped
2025-05-17 00:21:26.843+08:00 INFO (starrocks-mysql-nio-pool-1|121) [TabletTaskExecutor.deleteAllReplicas():427] delete tablet[10014] from backend[10002] because table 10003-test is dropped
2025-05-17 00:21:26.844+08:00 INFO (starrocks-mysql-nio-pool-1|121) [TabletTaskExecutor.deleteAllReplicas():427] delete tablet[10014] from backend[10003] because table 10003-test is dropped
2025-05-17 00:21:26.845+08:00 INFO (backend-worker-10001|105) [BeTabletManager.dropTablet():80] Dropped tablet 10006 force:true
2025-05-17 00:21:26.845+08:00 INFO (backend-worker-10002|108) [BeTabletManager.dropTablet():80] Dropped tablet 10006 force:true
2025-05-17 00:21:26.845+08:00 INFO (backend-worker-10003|111) [BeTabletManager.dropTablet():80] Dropped tablet 10006 force:true
2025-05-17 00:21:26.846+08:00 INFO (backend-worker-10001|105) [BeTabletManager.dropTablet():80] Dropped tablet 10010 force:true
2025-05-17 00:21:26.846+08:00 INFO (backend-worker-10002|108) [BeTabletManager.dropTablet():80] Dropped tablet 10010 force:true
2025-05-17 00:21:26.846+08:00 INFO (backend-worker-10003|111) [BeTabletManager.dropTablet():80] Dropped tablet 10010 force:true
2025-05-17 00:21:26.847+08:00 INFO (backend-worker-10003|111) [BeTabletManager.dropTablet():80] Dropped tablet 10014 force:true
2025-05-17 00:21:26.846+08:00 INFO (backend-worker-10001|105) [BeTabletManager.dropTablet():80] Dropped tablet 10014 force:true
2025-05-17 00:21:26.846+08:00 INFO (backend-worker-10002|108) [BeTabletManager.dropTablet():80] Dropped tablet 10014 force:true
2025-05-17 00:21:26.849+08:00 INFO (starrocks-mysql-nio-pool-1|121) [TaskManager.dropTasks():392] drop tasks:[]
2025-05-17 00:21:26.851+08:00 INFO (starrocks-mysql-nio-pool-1|121) [PipeManager.dropPipesOfDb():142] drop pipes in database test: []
2025-05-17 00:21:26.851+08:00 INFO (starrocks-mysql-nio-pool-1|121) [LocalMetastore.dropDb():498] finish drop database[test], id: 10001, is force : true
